
*** Running vivado
    with args -log top.vds -m64 -mode batch -messageDb vivado.pb -notrace -source top.tcl


****** Vivado v2015.2 (64-bit)
  **** SW Build 1266856 on Fri Jun 26 16:35:25 MDT 2015
  **** IP Build 1264090 on Wed Jun 24 14:22:01 MDT 2015
    ** Copyright 1986-2015 Xilinx, Inc. All Rights Reserved.

source top.tcl -notrace
Command: synth_design -top top -part xc7a35tcpg236-1
Starting synth_design
Attempting to get a license for feature 'Synthesis' and/or device 'xc7a35t'
INFO: [Common 17-349] Got license for feature 'Synthesis' and/or device 'xc7a35t'
---------------------------------------------------------------------------------
Starting RTL Elaboration : Time (s): cpu = 00:00:02 ; elapsed = 00:00:02 . Memory (MB): peak = 886.109 ; gain = 134.531 ; free physical = 9503 ; free virtual = 13721
---------------------------------------------------------------------------------
INFO: [Synth 8-638] synthesizing module 'top' [/home/tommyj/AMD_FPGA/Mouse_Interface_2015/Mouse_Interface_2015.srcs/sources_1/imports/sources_1/new/top.v:23]
INFO: [Synth 8-638] synthesizing module 'Processor' [/home/tommyj/AMD_FPGA/Mouse_Interface_2015/Mouse_Interface_2015.srcs/sources_1/new/Processor.v:23]
	Parameter IDLE bound to: 8'b11110000 
	Parameter GET_THREAD_START_ADDR_0 bound to: 8'b11110001 
	Parameter GET_THREAD_START_ADDR_1 bound to: 8'b11110010 
	Parameter GET_THREAD_START_ADDR_2 bound to: 8'b11110011 
	Parameter CHOOSE_OPP bound to: 8'b00000000 
	Parameter READ_FROM_MEM_TO_A bound to: 8'b00010000 
	Parameter READ_FROM_MEM_TO_B bound to: 8'b00010001 
	Parameter READ_FROM_MEM_0 bound to: 8'b00010010 
	Parameter READ_FROM_MEM_1 bound to: 8'b00010011 
	Parameter READ_FROM_MEM_2 bound to: 8'b00010100 
	Parameter WRITE_TO_MEM_FROM_A bound to: 8'b00100000 
	Parameter WRITE_TO_MEM_FROM_B bound to: 8'b00100001 
	Parameter WRITE_TO_MEM_0 bound to: 8'b00100010 
	Parameter DO_MATHS_OPP_SAVE_IN_A bound to: 8'b00110000 
	Parameter DO_MATHS_OPP_SAVE_IN_B bound to: 8'b00110001 
	Parameter DO_MATHS_OPP_0 bound to: 8'b00110010 
	Parameter IF_A_EQUALITY_B_GOTO bound to: 8'b01000000 
	Parameter IF_A_EQUALITY_B_GOTO_0 bound to: 8'b01000001 
	Parameter IF_A_EQUALITY_B_GOTO_1 bound to: 8'b01000010 
	Parameter IF_A_EQUALITY_B_GOTO_2 bound to: 8'b01000011 
	Parameter GOTO bound to: 8'b01010000 
	Parameter GOTO_0 bound to: 8'b01010001 
	Parameter GOTO_1 bound to: 8'b01010010 
	Parameter FUNCTION_START bound to: 8'b01100000 
	Parameter FUNCTION_START_0 bound to: 8'b01100001 
	Parameter FUNCTION_START_1 bound to: 8'b01100010 
	Parameter RETURN bound to: 8'b01110000 
	Parameter RETURN_0 bound to: 8'b01110001 
	Parameter DE_REFERENCE_A bound to: 8'b10000000 
	Parameter DE_REFERENCE_B bound to: 8'b10000001 
	Parameter DE_REFERENCE_0 bound to: 8'b10000010 
	Parameter DE_REFERENCE_1 bound to: 8'b10000011 
	Parameter DO_IMM_OPP_SAVE_IN_A bound to: 8'b10010000 
	Parameter DO_IMM_OPP_SAVE_IN_B bound to: 8'b10010001 
	Parameter DO_IMM_OPP_0 bound to: 8'b10010010 
	Parameter DO_IMM_OPP_1 bound to: 8'b10010011 
	Parameter DO_IMM_OPP_2 bound to: 8'b10010100 
INFO: [Synth 8-638] synthesizing module 'ALU' [/home/tommyj/AMD_FPGA/Mouse_Interface_2015/Mouse_Interface_2015.srcs/sources_1/new/ALU.v:23]
INFO: [Synth 8-226] default block is never used [/home/tommyj/AMD_FPGA/Mouse_Interface_2015/Mouse_Interface_2015.srcs/sources_1/new/ALU.v:40]
INFO: [Synth 8-256] done synthesizing module 'ALU' (1#1) [/home/tommyj/AMD_FPGA/Mouse_Interface_2015/Mouse_Interface_2015.srcs/sources_1/new/ALU.v:23]
INFO: [Synth 8-155] case statement is not full and has no default [/home/tommyj/AMD_FPGA/Mouse_Interface_2015/Mouse_Interface_2015.srcs/sources_1/new/Processor.v:216]
INFO: [Synth 8-256] done synthesizing module 'Processor' (2#1) [/home/tommyj/AMD_FPGA/Mouse_Interface_2015/Mouse_Interface_2015.srcs/sources_1/new/Processor.v:23]
INFO: [Synth 8-638] synthesizing module 'Timer' [/home/tommyj/AMD_FPGA/Mouse_Interface_2015/Mouse_Interface_2015.srcs/sources_1/new/Timer.v:23]
	Parameter TimerBaseAddr bound to: 8'b11110000 
	Parameter InitialIterruptRate bound to: 100 - type: integer 
	Parameter InitialIterruptEnable bound to: 1'b1 
INFO: [Synth 8-256] done synthesizing module 'Timer' (3#1) [/home/tommyj/AMD_FPGA/Mouse_Interface_2015/Mouse_Interface_2015.srcs/sources_1/new/Timer.v:23]
INFO: [Synth 8-638] synthesizing module 'seg7_Driver' [/home/tommyj/AMD_FPGA/Mouse_Interface_2015/Mouse_Interface_2015.srcs/sources_1/new/seg7_Driver.v:23]
	Parameter RAMBaseAddr bound to: 8'b11010000 
	Parameter RAMSize bound to: 2 - type: integer 
INFO: [Synth 8-638] synthesizing module 'MouseCounter' [/home/tommyj/AMD_FPGA/Mouse_Interface_2015/Mouse_Interface_2015.srcs/sources_1/imports/sources_1/imports/new/counter.v:23]
	Parameter WIDTH bound to: 20 - type: integer 
	Parameter MAX bound to: 10000 - type: integer 
INFO: [Synth 8-256] done synthesizing module 'MouseCounter' (4#1) [/home/tommyj/AMD_FPGA/Mouse_Interface_2015/Mouse_Interface_2015.srcs/sources_1/imports/sources_1/imports/new/counter.v:23]
INFO: [Synth 8-638] synthesizing module 'MouseCounter__parameterized0' [/home/tommyj/AMD_FPGA/Mouse_Interface_2015/Mouse_Interface_2015.srcs/sources_1/imports/sources_1/imports/new/counter.v:23]
	Parameter WIDTH bound to: 2 - type: integer 
	Parameter MAX bound to: 3 - type: integer 
INFO: [Synth 8-256] done synthesizing module 'MouseCounter__parameterized0' (4#1) [/home/tommyj/AMD_FPGA/Mouse_Interface_2015/Mouse_Interface_2015.srcs/sources_1/imports/sources_1/imports/new/counter.v:23]
INFO: [Synth 8-638] synthesizing module 'seg7decoder' [/home/tommyj/AMD_FPGA/Mouse_Interface_2015/Mouse_Interface_2015.srcs/sources_1/imports/sources_1/imports/Downloads/seg7decoder.v:30]
INFO: [Synth 8-226] default block is never used [/home/tommyj/AMD_FPGA/Mouse_Interface_2015/Mouse_Interface_2015.srcs/sources_1/imports/sources_1/imports/Downloads/seg7decoder.v:39]
INFO: [Synth 8-226] default block is never used [/home/tommyj/AMD_FPGA/Mouse_Interface_2015/Mouse_Interface_2015.srcs/sources_1/imports/sources_1/imports/Downloads/seg7decoder.v:69]
INFO: [Synth 8-256] done synthesizing module 'seg7decoder' (5#1) [/home/tommyj/AMD_FPGA/Mouse_Interface_2015/Mouse_Interface_2015.srcs/sources_1/imports/sources_1/imports/Downloads/seg7decoder.v:30]
INFO: [Synth 8-638] synthesizing module 'mux_4x1' [/home/tommyj/AMD_FPGA/Mouse_Interface_2015/Mouse_Interface_2015.srcs/sources_1/imports/sources_1/new/mux_4x1.v:22]
INFO: [Synth 8-256] done synthesizing module 'mux_4x1' (6#1) [/home/tommyj/AMD_FPGA/Mouse_Interface_2015/Mouse_Interface_2015.srcs/sources_1/imports/sources_1/new/mux_4x1.v:22]
INFO: [Synth 8-155] case statement is not full and has no default [/home/tommyj/AMD_FPGA/Mouse_Interface_2015/Mouse_Interface_2015.srcs/sources_1/new/seg7_Driver.v:60]
INFO: [Synth 8-256] done synthesizing module 'seg7_Driver' (7#1) [/home/tommyj/AMD_FPGA/Mouse_Interface_2015/Mouse_Interface_2015.srcs/sources_1/new/seg7_Driver.v:23]
INFO: [Synth 8-638] synthesizing module 'Mouse_Driver' [/home/tommyj/AMD_FPGA/Mouse_Interface_2015/Mouse_Interface_2015.srcs/sources_1/new/Mouse_Driver.v:23]
	Parameter RAMBaseAddr bound to: 8'b10100000 
	Parameter RAMSize bound to: 8'b00000011 
	Parameter MOUSE_STATUS bound to: 8'b10100000 
	Parameter MOUSE_X bound to: 8'b10100001 
	Parameter MOUSE_Y bound to: 8'b10100010 
INFO: [Synth 8-638] synthesizing module 'MouseTransceiver' [/home/tommyj/AMD_FPGA/Mouse_Interface_2015/Mouse_Interface_2015.srcs/sources_1/imports/sources_1/new/MouseTransceiver.v:23]
	Parameter MouseLimitX bound to: 8'b10100000 
	Parameter MouseLimitY bound to: 8'b01111000 
INFO: [Synth 8-638] synthesizing module 'MouseMasterSM' [/home/tommyj/AMD_FPGA/Mouse_Interface_2015/Mouse_Interface_2015.srcs/sources_1/imports/sources_1/new/MouseMasterSM.v:22]
	Parameter STATE_RESET bound to: 4'b0000 
	Parameter STATE_RESET_ACK bound to: 4'b0001 
	Parameter STATE_SELF_TEST bound to: 4'b0010 
	Parameter STATE_CHECK_ID bound to: 4'b0011 
	Parameter STATE_START_TRANS bound to: 4'b0100 
	Parameter STATE_START_TRANS_ACK bound to: 4'b0101 
	Parameter STATE_READ_STATUS bound to: 4'b0110 
	Parameter STATE_READ_X bound to: 4'b0111 
	Parameter STATE_READ_Y bound to: 4'b1000 
	Parameter RESET_BYTE bound to: 8'b11111111 
	Parameter RESET_ACK_BYTE bound to: 8'b11111010 
	Parameter SELF_TEST_PASSED_BYTE bound to: 8'b10101010 
	Parameter MOUSE_ID_BYTE bound to: 8'b00000000 
	Parameter START_TRANS_BYTE bound to: 8'b11110100 
	Parameter START_TRANS_ACK_BYTE_1 bound to: 8'b11110100 
	Parameter START_TRANS_ACK_BYTE_2 bound to: 8'b11111010 
INFO: [Synth 8-638] synthesizing module 'MouseCounter__parameterized1' [/home/tommyj/AMD_FPGA/Mouse_Interface_2015/Mouse_Interface_2015.srcs/sources_1/imports/sources_1/imports/new/counter.v:23]
	Parameter WIDTH bound to: 27 - type: integer 
	Parameter MAX bound to: 10000000 - type: integer 
INFO: [Synth 8-256] done synthesizing module 'MouseCounter__parameterized1' (7#1) [/home/tommyj/AMD_FPGA/Mouse_Interface_2015/Mouse_Interface_2015.srcs/sources_1/imports/sources_1/imports/new/counter.v:23]
INFO: [Synth 8-256] done synthesizing module 'MouseMasterSM' (8#1) [/home/tommyj/AMD_FPGA/Mouse_Interface_2015/Mouse_Interface_2015.srcs/sources_1/imports/sources_1/new/MouseMasterSM.v:22]
INFO: [Synth 8-638] synthesizing module 'MouseTransmitter' [/home/tommyj/AMD_FPGA/Mouse_Interface_2015/Mouse_Interface_2015.srcs/sources_1/imports/sources_1/new/MouseTransmitter.v:25]
	Parameter STATE_IDLE bound to: 0 - type: integer 
	Parameter STATE_HOST_CLK_LOW bound to: 1 - type: integer 
	Parameter STATE_HOST_DATA_LOW bound to: 2 - type: integer 
	Parameter STATE_HOST_CLK_Z bound to: 3 - type: integer 
	Parameter STATE_DEV_CLK_LOW bound to: 4 - type: integer 
	Parameter STATE_TRANS_DATA bound to: 6 - type: integer 
	Parameter STATE_TRANS_ACK_H bound to: 7 - type: integer 
	Parameter STATE_TRANS_ACK_L bound to: 8 - type: integer 
INFO: [Synth 8-638] synthesizing module 'MouseCounter__parameterized2' [/home/tommyj/AMD_FPGA/Mouse_Interface_2015/Mouse_Interface_2015.srcs/sources_1/imports/sources_1/imports/new/counter.v:23]
	Parameter WIDTH bound to: 14 - type: integer 
	Parameter MAX bound to: 15000 - type: integer 
INFO: [Synth 8-256] done synthesizing module 'MouseCounter__parameterized2' (8#1) [/home/tommyj/AMD_FPGA/Mouse_Interface_2015/Mouse_Interface_2015.srcs/sources_1/imports/sources_1/imports/new/counter.v:23]
INFO: [Synth 8-256] done synthesizing module 'MouseTransmitter' (9#1) [/home/tommyj/AMD_FPGA/Mouse_Interface_2015/Mouse_Interface_2015.srcs/sources_1/imports/sources_1/new/MouseTransmitter.v:25]
INFO: [Synth 8-638] synthesizing module 'MouseReceiver' [/home/tommyj/AMD_FPGA/Mouse_Interface_2015/Mouse_Interface_2015.srcs/sources_1/imports/sources_1/new/MouseReceiver.v:24]
	Parameter STATE_IDLE bound to: 4'b0000 
	Parameter STATE_READ bound to: 4'b0010 
	Parameter NO_ERROR bound to: 2'b00 
	Parameter ERROR_START_BIT bound to: 2'b01 
	Parameter ERROR_PARITY bound to: 2'b10 
	Parameter ERROR_STOP_BIT bound to: 2'b11 
INFO: [Synth 8-638] synthesizing module 'MouseCounter__parameterized3' [/home/tommyj/AMD_FPGA/Mouse_Interface_2015/Mouse_Interface_2015.srcs/sources_1/imports/sources_1/imports/new/counter.v:23]
	Parameter WIDTH bound to: 27 - type: integer 
	Parameter MAX bound to: 100000 - type: integer 
INFO: [Synth 8-256] done synthesizing module 'MouseCounter__parameterized3' (9#1) [/home/tommyj/AMD_FPGA/Mouse_Interface_2015/Mouse_Interface_2015.srcs/sources_1/imports/sources_1/imports/new/counter.v:23]
INFO: [Synth 8-256] done synthesizing module 'MouseReceiver' (10#1) [/home/tommyj/AMD_FPGA/Mouse_Interface_2015/Mouse_Interface_2015.srcs/sources_1/imports/sources_1/new/MouseReceiver.v:24]
INFO: [Synth 8-638] synthesizing module 'MouseCounter__parameterized4' [/home/tommyj/AMD_FPGA/Mouse_Interface_2015/Mouse_Interface_2015.srcs/sources_1/imports/sources_1/imports/new/counter.v:23]
	Parameter WIDTH bound to: 8 - type: integer 
	Parameter MAX bound to: 100 - type: integer 
INFO: [Synth 8-256] done synthesizing module 'MouseCounter__parameterized4' (10#1) [/home/tommyj/AMD_FPGA/Mouse_Interface_2015/Mouse_Interface_2015.srcs/sources_1/imports/sources_1/imports/new/counter.v:23]
WARNING: [Synth 8-4446] all outputs are unconnected for this instance and logic may be removed [/home/tommyj/AMD_FPGA/Mouse_Interface_2015/Mouse_Interface_2015.srcs/sources_1/imports/sources_1/new/MouseTransceiver.v:210]
INFO: [Synth 8-638] synthesizing module 'ila_0' [/home/tommyj/AMD_FPGA/Mouse_Interface_2015/Mouse_Interface_2015.runs/synth_1/.Xil/Vivado-40764-tommyj-Vivobook-ASUSLaptop-X1505VA-X1505VA/realtime/ila_0_stub.v:7]
INFO: [Synth 8-256] done synthesizing module 'ila_0' (11#1) [/home/tommyj/AMD_FPGA/Mouse_Interface_2015/Mouse_Interface_2015.runs/synth_1/.Xil/Vivado-40764-tommyj-Vivobook-ASUSLaptop-X1505VA-X1505VA/realtime/ila_0_stub.v:7]
INFO: [Synth 8-256] done synthesizing module 'MouseTransceiver' (12#1) [/home/tommyj/AMD_FPGA/Mouse_Interface_2015/Mouse_Interface_2015.srcs/sources_1/imports/sources_1/new/MouseTransceiver.v:23]
WARNING: [Synth 8-689] width (1) of port connection 'BTNS' does not match port width (3) of module 'MouseTransceiver' [/home/tommyj/AMD_FPGA/Mouse_Interface_2015/Mouse_Interface_2015.srcs/sources_1/new/Mouse_Driver.v:99]
INFO: [Synth 8-256] done synthesizing module 'Mouse_Driver' (13#1) [/home/tommyj/AMD_FPGA/Mouse_Interface_2015/Mouse_Interface_2015.srcs/sources_1/new/Mouse_Driver.v:23]
INFO: [Synth 8-638] synthesizing module 'LED_Driver' [/home/tommyj/AMD_FPGA/Mouse_Interface_2015/Mouse_Interface_2015.srcs/sources_1/new/LED_Driver.v:23]
	Parameter RAMBaseAddr bound to: 8'b11000000 
	Parameter RAMSize bound to: 2 - type: integer 
INFO: [Synth 8-155] case statement is not full and has no default [/home/tommyj/AMD_FPGA/Mouse_Interface_2015/Mouse_Interface_2015.srcs/sources_1/new/LED_Driver.v:54]
INFO: [Synth 8-256] done synthesizing module 'LED_Driver' (14#1) [/home/tommyj/AMD_FPGA/Mouse_Interface_2015/Mouse_Interface_2015.srcs/sources_1/new/LED_Driver.v:23]
INFO: [Synth 8-638] synthesizing module 'RAM' [/home/tommyj/AMD_FPGA/Mouse_Interface_2015/Mouse_Interface_2015.srcs/sources_1/new/RAM.v:22]
	Parameter RAMBaseAddr bound to: 0 - type: integer 
	Parameter RAMAddrWidth bound to: 7 - type: integer 
	Parameter INIT_FILE bound to: ../../../ram.mem - type: string 
INFO: [Synth 8-3876] $readmem data file '../../../ram.mem' is read successfully [/home/tommyj/AMD_FPGA/Mouse_Interface_2015/Mouse_Interface_2015.srcs/sources_1/new/RAM.v:47]
INFO: [Synth 8-256] done synthesizing module 'RAM' (15#1) [/home/tommyj/AMD_FPGA/Mouse_Interface_2015/Mouse_Interface_2015.srcs/sources_1/new/RAM.v:22]
INFO: [Synth 8-638] synthesizing module 'ROM' [/home/tommyj/AMD_FPGA/Mouse_Interface_2015/Mouse_Interface_2015.srcs/sources_1/new/ROM.v:23]
	Parameter RAMAddrWidth bound to: 8 - type: integer 
	Parameter INIT_FILE bound to: ../../../rom.mem - type: string 
INFO: [Synth 8-3876] $readmem data file '../../../rom.mem' is read successfully [/home/tommyj/AMD_FPGA/Mouse_Interface_2015/Mouse_Interface_2015.srcs/sources_1/new/ROM.v:37]
INFO: [Synth 8-256] done synthesizing module 'ROM' (16#1) [/home/tommyj/AMD_FPGA/Mouse_Interface_2015/Mouse_Interface_2015.srcs/sources_1/new/ROM.v:23]
INFO: [Synth 8-256] done synthesizing module 'top' (17#1) [/home/tommyj/AMD_FPGA/Mouse_Interface_2015/Mouse_Interface_2015.srcs/sources_1/imports/sources_1/new/top.v:23]
---------------------------------------------------------------------------------
Finished RTL Elaboration : Time (s): cpu = 00:00:02 ; elapsed = 00:00:02 . Memory (MB): peak = 922.391 ; gain = 170.812 ; free physical = 9463 ; free virtual = 13681
---------------------------------------------------------------------------------

Report Check Netlist: 
+------+------------------+-------+---------+-------+------------------+
|      |Item              |Errors |Warnings |Status |Description       |
+------+------------------+-------+---------+-------+------------------+
|1     |multi_driven_nets |      0|        0|Passed |Multi driven nets |
+------+------------------+-------+---------+-------+------------------+
---------------------------------------------------------------------------------
Finished RTL Optimization Phase 1 : Time (s): cpu = 00:00:03 ; elapsed = 00:00:03 . Memory (MB): peak = 922.391 ; gain = 170.812 ; free physical = 9463 ; free virtual = 13680
---------------------------------------------------------------------------------
INFO: [Device 21-403] Loading part xc7a35tcpg236-1
INFO: [Project 1-570] Preparing netlist for logic optimization

Processing XDC Constraints
Initializing timing engine
Parsing XDC File [/home/tommyj/AMD_FPGA/Mouse_Interface_2015/Mouse_Interface_2015.srcs/constrs_1/imports/new/MouseXDC.xdc]
Finished Parsing XDC File [/home/tommyj/AMD_FPGA/Mouse_Interface_2015/Mouse_Interface_2015.srcs/constrs_1/imports/new/MouseXDC.xdc]
Completed Processing XDC Constraints

INFO: [Project 1-111] Unisim Transformation Summary:
No Unisim elements were transformed.

Constraint Validation Runtime : Time (s): cpu = 00:00:00.01 ; elapsed = 00:00:00 . Memory (MB): peak = 1249.453 ; gain = 0.000 ; free physical = 9281 ; free virtual = 13500
---------------------------------------------------------------------------------
Finished Constraint Validation : Time (s): cpu = 00:00:06 ; elapsed = 00:00:06 . Memory (MB): peak = 1249.453 ; gain = 497.875 ; free physical = 9281 ; free virtual = 13499
---------------------------------------------------------------------------------
---------------------------------------------------------------------------------
Start Loading Part and Timing Information
---------------------------------------------------------------------------------
Loading part: xc7a35tcpg236-1
---------------------------------------------------------------------------------
Finished Loading Part and Timing Information : Time (s): cpu = 00:00:06 ; elapsed = 00:00:06 . Memory (MB): peak = 1249.453 ; gain = 497.875 ; free physical = 9281 ; free virtual = 13499
---------------------------------------------------------------------------------
---------------------------------------------------------------------------------
Start Applying 'set_property' XDC Constraints
---------------------------------------------------------------------------------
incorrect argument "-dict" for "set_property" at line 7 of file /home/tommyj/AMD_FPGA/Mouse_Interface_2015/Mouse_Interface_2015.srcs/constrs_1/imports/new/MouseXDC.xdc
incorrect set of required parameters for "set_property" at line 7 of file /home/tommyj/AMD_FPGA/Mouse_Interface_2015/Mouse_Interface_2015.srcs/constrs_1/imports/new/MouseXDC.xdc
---------------------------------------------------------------------
Usage:
  set_property
    [-help]
    [-quiet]
    attribute
    value
    object
    [{>|>>} <stdoutFile>]
---------------------------------------------------------------------
incorrect argument "-dict" for "set_property" at line 12 of file /home/tommyj/AMD_FPGA/Mouse_Interface_2015/Mouse_Interface_2015.srcs/constrs_1/imports/new/MouseXDC.xdc
incorrect set of required parameters for "set_property" at line 12 of file /home/tommyj/AMD_FPGA/Mouse_Interface_2015/Mouse_Interface_2015.srcs/constrs_1/imports/new/MouseXDC.xdc
---------------------------------------------------------------------
Usage:
  set_property
    [-help]
    [-quiet]
    attribute
    value
    object
    [{>|>>} <stdoutFile>]
---------------------------------------------------------------------
incorrect argument "-dict" for "set_property" at line 13 of file /home/tommyj/AMD_FPGA/Mouse_Interface_2015/Mouse_Interface_2015.srcs/constrs_1/imports/new/MouseXDC.xdc
incorrect set of required parameters for "set_property" at line 13 of file /home/tommyj/AMD_FPGA/Mouse_Interface_2015/Mouse_Interface_2015.srcs/constrs_1/imports/new/MouseXDC.xdc
---------------------------------------------------------------------
Usage:
  set_property
    [-help]
    [-quiet]
    attribute
    value
    object
    [{>|>>} <stdoutFile>]
---------------------------------------------------------------------
incorrect argument "-dict" for "set_property" at line 31 of file /home/tommyj/AMD_FPGA/Mouse_Interface_2015/Mouse_Interface_2015.srcs/constrs_1/imports/new/MouseXDC.xdc
incorrect set of required parameters for "set_property" at line 31 of file /home/tommyj/AMD_FPGA/Mouse_Interface_2015/Mouse_Interface_2015.srcs/constrs_1/imports/new/MouseXDC.xdc
---------------------------------------------------------------------
Usage:
  set_property
    [-help]
    [-quiet]
    attribute
    value
    object
    [{>|>>} <stdoutFile>]
---------------------------------------------------------------------
incorrect argument "-dict" for "set_property" at line 32 of file /home/tommyj/AMD_FPGA/Mouse_Interface_2015/Mouse_Interface_2015.srcs/constrs_1/imports/new/MouseXDC.xdc
incorrect set of required parameters for "set_property" at line 32 of file /home/tommyj/AMD_FPGA/Mouse_Interface_2015/Mouse_Interface_2015.srcs/constrs_1/imports/new/MouseXDC.xdc
---------------------------------------------------------------------
Usage:
  set_property
    [-help]
    [-quiet]
    attribute
    value
    object
    [{>|>>} <stdoutFile>]
---------------------------------------------------------------------
incorrect argument "-dict" for "set_property" at line 33 of file /home/tommyj/AMD_FPGA/Mouse_Interface_2015/Mouse_Interface_2015.srcs/constrs_1/imports/new/MouseXDC.xdc
incorrect set of required parameters for "set_property" at line 33 of file /home/tommyj/AMD_FPGA/Mouse_Interface_2015/Mouse_Interface_2015.srcs/constrs_1/imports/new/MouseXDC.xdc
---------------------------------------------------------------------
Usage:
  set_property
    [-help]
    [-quiet]
    attribute
    value
    object
    [{>|>>} <stdoutFile>]
---------------------------------------------------------------------
incorrect argument "-dict" for "set_property" at line 34 of file /home/tommyj/AMD_FPGA/Mouse_Interface_2015/Mouse_Interface_2015.srcs/constrs_1/imports/new/MouseXDC.xdc
incorrect set of required parameters for "set_property" at line 34 of file /home/tommyj/AMD_FPGA/Mouse_Interface_2015/Mouse_Interface_2015.srcs/constrs_1/imports/new/MouseXDC.xdc
---------------------------------------------------------------------
Usage:
  set_property
    [-help]
    [-quiet]
    attribute
    value
    object
    [{>|>>} <stdoutFile>]
---------------------------------------------------------------------
incorrect argument "-dict" for "set_property" at line 35 of file /home/tommyj/AMD_FPGA/Mouse_Interface_2015/Mouse_Interface_2015.srcs/constrs_1/imports/new/MouseXDC.xdc
incorrect set of required parameters for "set_property" at line 35 of file /home/tommyj/AMD_FPGA/Mouse_Interface_2015/Mouse_Interface_2015.srcs/constrs_1/imports/new/MouseXDC.xdc
---------------------------------------------------------------------
Usage:
  set_property
    [-help]
    [-quiet]
    attribute
    value
    object
    [{>|>>} <stdoutFile>]
---------------------------------------------------------------------
incorrect argument "-dict" for "set_property" at line 36 of file /home/tommyj/AMD_FPGA/Mouse_Interface_2015/Mouse_Interface_2015.srcs/constrs_1/imports/new/MouseXDC.xdc
incorrect set of required parameters for "set_property" at line 36 of file /home/tommyj/AMD_FPGA/Mouse_Interface_2015/Mouse_Interface_2015.srcs/constrs_1/imports/new/MouseXDC.xdc
---------------------------------------------------------------------
Usage:
  set_property
    [-help]
    [-quiet]
    attribute
    value
    object
    [{>|>>} <stdoutFile>]
---------------------------------------------------------------------
incorrect argument "-dict" for "set_property" at line 37 of file /home/tommyj/AMD_FPGA/Mouse_Interface_2015/Mouse_Interface_2015.srcs/constrs_1/imports/new/MouseXDC.xdc
incorrect set of required parameters for "set_property" at line 37 of file /home/tommyj/AMD_FPGA/Mouse_Interface_2015/Mouse_Interface_2015.srcs/constrs_1/imports/new/MouseXDC.xdc
---------------------------------------------------------------------
Usage:
  set_property
    [-help]
    [-quiet]
    attribute
    value
    object
    [{>|>>} <stdoutFile>]
---------------------------------------------------------------------
incorrect argument "-dict" for "set_property" at line 38 of file /home/tommyj/AMD_FPGA/Mouse_Interface_2015/Mouse_Interface_2015.srcs/constrs_1/imports/new/MouseXDC.xdc
incorrect set of required parameters for "set_property" at line 38 of file /home/tommyj/AMD_FPGA/Mouse_Interface_2015/Mouse_Interface_2015.srcs/constrs_1/imports/new/MouseXDC.xdc
---------------------------------------------------------------------
Usage:
  set_property
    [-help]
    [-quiet]
    attribute
    value
    object
    [{>|>>} <stdoutFile>]
---------------------------------------------------------------------
incorrect argument "-dict" for "set_property" at line 39 of file /home/tommyj/AMD_FPGA/Mouse_Interface_2015/Mouse_Interface_2015.srcs/constrs_1/imports/new/MouseXDC.xdc
incorrect set of required parameters for "set_property" at line 39 of file /home/tommyj/AMD_FPGA/Mouse_Interface_2015/Mouse_Interface_2015.srcs/constrs_1/imports/new/MouseXDC.xdc
---------------------------------------------------------------------
Usage:
  set_property
    [-help]
    [-quiet]
    attribute
    value
    object
    [{>|>>} <stdoutFile>]
---------------------------------------------------------------------
incorrect argument "-dict" for "set_property" at line 40 of file /home/tommyj/AMD_FPGA/Mouse_Interface_2015/Mouse_Interface_2015.srcs/constrs_1/imports/new/MouseXDC.xdc
incorrect set of required parameters for "set_property" at line 40 of file /home/tommyj/AMD_FPGA/Mouse_Interface_2015/Mouse_Interface_2015.srcs/constrs_1/imports/new/MouseXDC.xdc
---------------------------------------------------------------------
Usage:
  set_property
    [-help]
    [-quiet]
    attribute
    value
    object
    [{>|>>} <stdoutFile>]
---------------------------------------------------------------------
incorrect argument "-dict" for "set_property" at line 41 of file /home/tommyj/AMD_FPGA/Mouse_Interface_2015/Mouse_Interface_2015.srcs/constrs_1/imports/new/MouseXDC.xdc
incorrect set of required parameters for "set_property" at line 41 of file /home/tommyj/AMD_FPGA/Mouse_Interface_2015/Mouse_Interface_2015.srcs/constrs_1/imports/new/MouseXDC.xdc
---------------------------------------------------------------------
Usage:
  set_property
    [-help]
    [-quiet]
    attribute
    value
    object
    [{>|>>} <stdoutFile>]
---------------------------------------------------------------------
incorrect argument "-dict" for "set_property" at line 42 of file /home/tommyj/AMD_FPGA/Mouse_Interface_2015/Mouse_Interface_2015.srcs/constrs_1/imports/new/MouseXDC.xdc
incorrect set of required parameters for "set_property" at line 42 of file /home/tommyj/AMD_FPGA/Mouse_Interface_2015/Mouse_Interface_2015.srcs/constrs_1/imports/new/MouseXDC.xdc
---------------------------------------------------------------------
Usage:
  set_property
    [-help]
    [-quiet]
    attribute
    value
    object
    [{>|>>} <stdoutFile>]
---------------------------------------------------------------------
incorrect argument "-dict" for "set_property" at line 43 of file /home/tommyj/AMD_FPGA/Mouse_Interface_2015/Mouse_Interface_2015.srcs/constrs_1/imports/new/MouseXDC.xdc
incorrect set of required parameters for "set_property" at line 43 of file /home/tommyj/AMD_FPGA/Mouse_Interface_2015/Mouse_Interface_2015.srcs/constrs_1/imports/new/MouseXDC.xdc
---------------------------------------------------------------------
Usage:
  set_property
    [-help]
    [-quiet]
    attribute
    value
    object
    [{>|>>} <stdoutFile>]
---------------------------------------------------------------------
incorrect argument "-dict" for "set_property" at line 44 of file /home/tommyj/AMD_FPGA/Mouse_Interface_2015/Mouse_Interface_2015.srcs/constrs_1/imports/new/MouseXDC.xdc
incorrect set of required parameters for "set_property" at line 44 of file /home/tommyj/AMD_FPGA/Mouse_Interface_2015/Mouse_Interface_2015.srcs/constrs_1/imports/new/MouseXDC.xdc
---------------------------------------------------------------------
Usage:
  set_property
    [-help]
    [-quiet]
    attribute
    value
    object
    [{>|>>} <stdoutFile>]
---------------------------------------------------------------------
incorrect argument "-dict" for "set_property" at line 45 of file /home/tommyj/AMD_FPGA/Mouse_Interface_2015/Mouse_Interface_2015.srcs/constrs_1/imports/new/MouseXDC.xdc
incorrect set of required parameters for "set_property" at line 45 of file /home/tommyj/AMD_FPGA/Mouse_Interface_2015/Mouse_Interface_2015.srcs/constrs_1/imports/new/MouseXDC.xdc
---------------------------------------------------------------------
Usage:
  set_property
    [-help]
    [-quiet]
    attribute
    value
    object
    [{>|>>} <stdoutFile>]
---------------------------------------------------------------------
incorrect argument "-dict" for "set_property" at line 46 of file /home/tommyj/AMD_FPGA/Mouse_Interface_2015/Mouse_Interface_2015.srcs/constrs_1/imports/new/MouseXDC.xdc
incorrect set of required parameters for "set_property" at line 46 of file /home/tommyj/AMD_FPGA/Mouse_Interface_2015/Mouse_Interface_2015.srcs/constrs_1/imports/new/MouseXDC.xdc
---------------------------------------------------------------------
Usage:
  set_property
    [-help]
    [-quiet]
    attribute
    value
    object
    [{>|>>} <stdoutFile>]
---------------------------------------------------------------------
incorrect argument "-dict" for "set_property" at line 50 of file /home/tommyj/AMD_FPGA/Mouse_Interface_2015/Mouse_Interface_2015.srcs/constrs_1/imports/new/MouseXDC.xdc
incorrect set of required parameters for "set_property" at line 50 of file /home/tommyj/AMD_FPGA/Mouse_Interface_2015/Mouse_Interface_2015.srcs/constrs_1/imports/new/MouseXDC.xdc
---------------------------------------------------------------------
Usage:
  set_property
    [-help]
    [-quiet]
    attribute
    value
    object
    [{>|>>} <stdoutFile>]
---------------------------------------------------------------------
incorrect argument "-dict" for "set_property" at line 51 of file /home/tommyj/AMD_FPGA/Mouse_Interface_2015/Mouse_Interface_2015.srcs/constrs_1/imports/new/MouseXDC.xdc
incorrect set of required parameters for "set_property" at line 51 of file /home/tommyj/AMD_FPGA/Mouse_Interface_2015/Mouse_Interface_2015.srcs/constrs_1/imports/new/MouseXDC.xdc
---------------------------------------------------------------------
Usage:
  set_property
    [-help]
    [-quiet]
    attribute
    value
    object
    [{>|>>} <stdoutFile>]
---------------------------------------------------------------------
incorrect argument "-dict" for "set_property" at line 52 of file /home/tommyj/AMD_FPGA/Mouse_Interface_2015/Mouse_Interface_2015.srcs/constrs_1/imports/new/MouseXDC.xdc
incorrect set of required parameters for "set_property" at line 52 of file /home/tommyj/AMD_FPGA/Mouse_Interface_2015/Mouse_Interface_2015.srcs/constrs_1/imports/new/MouseXDC.xdc
---------------------------------------------------------------------
Usage:
  set_property
    [-help]
    [-quiet]
    attribute
    value
    object
    [{>|>>} <stdoutFile>]
---------------------------------------------------------------------
incorrect argument "-dict" for "set_property" at line 53 of file /home/tommyj/AMD_FPGA/Mouse_Interface_2015/Mouse_Interface_2015.srcs/constrs_1/imports/new/MouseXDC.xdc
incorrect set of required parameters for "set_property" at line 53 of file /home/tommyj/AMD_FPGA/Mouse_Interface_2015/Mouse_Interface_2015.srcs/constrs_1/imports/new/MouseXDC.xdc
---------------------------------------------------------------------
Usage:
  set_property
    [-help]
    [-quiet]
    attribute
    value
    object
    [{>|>>} <stdoutFile>]
---------------------------------------------------------------------
incorrect argument "-dict" for "set_property" at line 54 of file /home/tommyj/AMD_FPGA/Mouse_Interface_2015/Mouse_Interface_2015.srcs/constrs_1/imports/new/MouseXDC.xdc
incorrect set of required parameters for "set_property" at line 54 of file /home/tommyj/AMD_FPGA/Mouse_Interface_2015/Mouse_Interface_2015.srcs/constrs_1/imports/new/MouseXDC.xdc
---------------------------------------------------------------------
Usage:
  set_property
    [-help]
    [-quiet]
    attribute
    value
    object
    [{>|>>} <stdoutFile>]
---------------------------------------------------------------------
incorrect argument "-dict" for "set_property" at line 55 of file /home/tommyj/AMD_FPGA/Mouse_Interface_2015/Mouse_Interface_2015.srcs/constrs_1/imports/new/MouseXDC.xdc
incorrect set of required parameters for "set_property" at line 55 of file /home/tommyj/AMD_FPGA/Mouse_Interface_2015/Mouse_Interface_2015.srcs/constrs_1/imports/new/MouseXDC.xdc
---------------------------------------------------------------------
Usage:
  set_property
    [-help]
    [-quiet]
    attribute
    value
    object
    [{>|>>} <stdoutFile>]
---------------------------------------------------------------------
incorrect argument "-dict" for "set_property" at line 56 of file /home/tommyj/AMD_FPGA/Mouse_Interface_2015/Mouse_Interface_2015.srcs/constrs_1/imports/new/MouseXDC.xdc
incorrect set of required parameters for "set_property" at line 56 of file /home/tommyj/AMD_FPGA/Mouse_Interface_2015/Mouse_Interface_2015.srcs/constrs_1/imports/new/MouseXDC.xdc
---------------------------------------------------------------------
Usage:
  set_property
    [-help]
    [-quiet]
    attribute
    value
    object
    [{>|>>} <stdoutFile>]
---------------------------------------------------------------------
incorrect argument "-dict" for "set_property" at line 58 of file /home/tommyj/AMD_FPGA/Mouse_Interface_2015/Mouse_Interface_2015.srcs/constrs_1/imports/new/MouseXDC.xdc
incorrect set of required parameters for "set_property" at line 58 of file /home/tommyj/AMD_FPGA/Mouse_Interface_2015/Mouse_Interface_2015.srcs/constrs_1/imports/new/MouseXDC.xdc
---------------------------------------------------------------------
Usage:
  set_property
    [-help]
    [-quiet]
    attribute
    value
    object
    [{>|>>} <stdoutFile>]
---------------------------------------------------------------------
incorrect argument "-dict" for "set_property" at line 60 of file /home/tommyj/AMD_FPGA/Mouse_Interface_2015/Mouse_Interface_2015.srcs/constrs_1/imports/new/MouseXDC.xdc
incorrect set of required parameters for "set_property" at line 60 of file /home/tommyj/AMD_FPGA/Mouse_Interface_2015/Mouse_Interface_2015.srcs/constrs_1/imports/new/MouseXDC.xdc
---------------------------------------------------------------------
Usage:
  set_property
    [-help]
    [-quiet]
    attribute
    value
    object
    [{>|>>} <stdoutFile>]
---------------------------------------------------------------------
incorrect argument "-dict" for "set_property" at line 61 of file /home/tommyj/AMD_FPGA/Mouse_Interface_2015/Mouse_Interface_2015.srcs/constrs_1/imports/new/MouseXDC.xdc
incorrect set of required parameters for "set_property" at line 61 of file /home/tommyj/AMD_FPGA/Mouse_Interface_2015/Mouse_Interface_2015.srcs/constrs_1/imports/new/MouseXDC.xdc
---------------------------------------------------------------------
Usage:
  set_property
    [-help]
    [-quiet]
    attribute
    value
    object
    [{>|>>} <stdoutFile>]
---------------------------------------------------------------------
incorrect argument "-dict" for "set_property" at line 62 of file /home/tommyj/AMD_FPGA/Mouse_Interface_2015/Mouse_Interface_2015.srcs/constrs_1/imports/new/MouseXDC.xdc
incorrect set of required parameters for "set_property" at line 62 of file /home/tommyj/AMD_FPGA/Mouse_Interface_2015/Mouse_Interface_2015.srcs/constrs_1/imports/new/MouseXDC.xdc
---------------------------------------------------------------------
Usage:
  set_property
    [-help]
    [-quiet]
    attribute
    value
    object
    [{>|>>} <stdoutFile>]
---------------------------------------------------------------------
incorrect argument "-dict" for "set_property" at line 63 of file /home/tommyj/AMD_FPGA/Mouse_Interface_2015/Mouse_Interface_2015.srcs/constrs_1/imports/new/MouseXDC.xdc
incorrect set of required parameters for "set_property" at line 63 of file /home/tommyj/AMD_FPGA/Mouse_Interface_2015/Mouse_Interface_2015.srcs/constrs_1/imports/new/MouseXDC.xdc
---------------------------------------------------------------------
Usage:
  set_property
    [-help]
    [-quiet]
    attribute
    value
    object
    [{>|>>} <stdoutFile>]
---------------------------------------------------------------------
incorrect argument "-dict" for "set_property" at line 67 of file /home/tommyj/AMD_FPGA/Mouse_Interface_2015/Mouse_Interface_2015.srcs/constrs_1/imports/new/MouseXDC.xdc
incorrect set of required parameters for "set_property" at line 67 of file /home/tommyj/AMD_FPGA/Mouse_Interface_2015/Mouse_Interface_2015.srcs/constrs_1/imports/new/MouseXDC.xdc
---------------------------------------------------------------------
Usage:
  set_property
    [-help]
    [-quiet]
    attribute
    value
    object
    [{>|>>} <stdoutFile>]
---------------------------------------------------------------------
---------------------------------------------------------------------------------
Finished applying 'set_property' XDC Constraints : Time (s): cpu = 00:00:06 ; elapsed = 00:00:06 . Memory (MB): peak = 1249.453 ; gain = 497.875 ; free physical = 9281 ; free virtual = 13499
---------------------------------------------------------------------------------
INFO: [Synth 8-3537] HDL ADVISOR - The operator resource <adder> is shared. To prevent sharing consider applying a KEEP on the inputs of the operator [/home/tommyj/AMD_FPGA/Mouse_Interface_2015/Mouse_Interface_2015.srcs/sources_1/new/ALU.v:40]
INFO: [Synth 8-802] inferred FSM for state register 'CurrState_reg' in module 'Processor'
INFO: [Synth 8-5546] ROM "NextState" won't be mapped to RAM because it is too sparse
INFO: [Synth 8-5546] ROM "NextProgCounterOffset" won't be mapped to RAM because it is too sparse
INFO: [Synth 8-5546] ROM "NextBusDataOut" won't be mapped to RAM because it is too sparse
INFO: [Synth 8-5546] ROM "NextRegSelect" won't be mapped to RAM because it is too sparse
INFO: [Synth 8-5546] ROM "NextProgContext" won't be mapped to RAM because it is too sparse
INFO: [Synth 8-5546] ROM "NextImmOpCode" won't be mapped to RAM because it is too sparse
INFO: [Synth 8-5546] ROM "NextImmMode" won't be mapped to RAM because it is too sparse
INFO: [Synth 8-5544] ROM "NextState" won't be mapped to Block RAM because address size (4) smaller than threshold (5)
INFO: [Synth 8-5544] ROM "NextState" won't be mapped to Block RAM because address size (1) smaller than threshold (5)
INFO: [Synth 8-5544] ROM "NextState" won't be mapped to Block RAM because address size (1) smaller than threshold (5)
INFO: [Synth 8-5545] ROM "DownCounter" won't be mapped to RAM because address size (32) is larger than maximum supported(18)
INFO: [Synth 8-5545] ROM "Timer" won't be mapped to RAM because address size (32) is larger than maximum supported(18)
INFO: [Synth 8-5546] ROM "TransmitTimerValue" won't be mapped to RAM because it is too sparse
INFO: [Synth 8-5546] ROM "Mem" won't be mapped to RAM because it is too sparse
INFO: [Synth 8-5546] ROM "Mem" won't be mapped to RAM because it is too sparse
INFO: [Synth 8-802] inferred FSM for state register 'Curr_State_reg' in module 'MouseMasterSM'
INFO: [Synth 8-5544] ROM "Next_READ_ENABLE" won't be mapped to Block RAM because address size (2) smaller than threshold (5)
INFO: [Synth 8-5544] ROM "Next_MOUSE_DX" won't be mapped to Block RAM because address size (2) smaller than threshold (5)
INFO: [Synth 8-5544] ROM "Next_State" won't be mapped to Block RAM because address size (1) smaller than threshold (5)
INFO: [Synth 8-5544] ROM "Next_State" won't be mapped to Block RAM because address size (1) smaller than threshold (5)
INFO: [Synth 8-5544] ROM "Next_State" won't be mapped to Block RAM because address size (1) smaller than threshold (5)
INFO: [Synth 8-5544] ROM "Next_State" won't be mapped to Block RAM because address size (1) smaller than threshold (5)
INFO: [Synth 8-5544] ROM "Next_State" won't be mapped to Block RAM because address size (2) smaller than threshold (5)
INFO: [Synth 8-5544] ROM "Next_State" won't be mapped to Block RAM because address size (2) smaller than threshold (5)
INFO: [Synth 8-802] inferred FSM for state register 'Curr_State_reg' in module 'MouseTransmitter'
INFO: [Synth 8-5546] ROM "Next_DATA_MOUSE_OUT" won't be mapped to RAM because it is too sparse
INFO: [Synth 8-5544] ROM "Next_DATA_MOUSE_OUT_EN" won't be mapped to Block RAM because address size (4) smaller than threshold (5)
INFO: [Synth 8-5544] ROM "Next_State" won't be mapped to Block RAM because address size (1) smaller than threshold (5)
INFO: [Synth 8-5544] ROM "Next_State" won't be mapped to Block RAM because address size (4) smaller than threshold (5)
INFO: [Synth 8-5546] ROM "Mem" won't be mapped to RAM because it is too sparse
INFO: [Synth 8-5546] ROM "ROM" won't be mapped to RAM because it is too sparse
---------------------------------------------------------------------------------------------------
                   State |                     New Encoding |                     Old Encoding 
---------------------------------------------------------------------------------------------------
              CHOOSE_OPP |                           000000 |                         00000000
      READ_FROM_MEM_TO_A |                           000001 |                         00010000
      READ_FROM_MEM_TO_B |                           000010 |                         00010001
         READ_FROM_MEM_0 |                           000011 |                         00010010
         READ_FROM_MEM_1 |                           000100 |                         00010011
         READ_FROM_MEM_2 |                           000101 |                         00010100
     WRITE_TO_MEM_FROM_A |                           000110 |                         00100000
     WRITE_TO_MEM_FROM_B |                           000111 |                         00100001
          WRITE_TO_MEM_0 |                           001000 |                         00100010
  DO_MATHS_OPP_SAVE_IN_A |                           001001 |                         00110000
  DO_MATHS_OPP_SAVE_IN_B |                           001010 |                         00110001
          DO_MATHS_OPP_0 |                           001011 |                         00110010
    IF_A_EQUALITY_B_GOTO |                           001100 |                         01000000
  IF_A_EQUALITY_B_GOTO_0 |                           001101 |                         01000001
  IF_A_EQUALITY_B_GOTO_1 |                           001110 |                         01000010
                    GOTO |                           001111 |                         01010000
                  GOTO_0 |                           010000 |                         01010001
                  GOTO_1 |                           010001 |                         01010010
                    IDLE |                           010010 |                         11110000
 GET_THREAD_START_ADDR_0 |                           010011 |                         11110001
 GET_THREAD_START_ADDR_1 |                           010100 |                         11110010
 GET_THREAD_START_ADDR_2 |                           010101 |                         11110011
          FUNCTION_START |                           010110 |                         01100000
        FUNCTION_START_0 |                           010111 |                         01100001
        FUNCTION_START_1 |                           011000 |                         01100010
                  RETURN |                           011001 |                         01110000
                RETURN_0 |                           011010 |                         01110001
          DE_REFERENCE_A |                           011011 |                         10000000
          DE_REFERENCE_B |                           011100 |                         10000001
          DE_REFERENCE_0 |                           011101 |                         10000010
          DE_REFERENCE_1 |                           011110 |                         10000011
    DO_IMM_OPP_SAVE_IN_A |                           011111 |                         10010000
    DO_IMM_OPP_SAVE_IN_B |                           100000 |                         10010001
            DO_IMM_OPP_0 |                           100001 |                         10010010
            DO_IMM_OPP_1 |                           100010 |                         10010011
---------------------------------------------------------------------------------------------------
INFO: [Synth 8-3354] encoded FSM with state register 'CurrState_reg' using encoding 'sequential' in module 'Processor'
---------------------------------------------------------------------------------------------------
                   State |                     New Encoding |                     Old Encoding 
---------------------------------------------------------------------------------------------------
             STATE_RESET |                             0000 |                             0000
         STATE_RESET_ACK |                             0001 |                             0001
         STATE_SELF_TEST |                             0010 |                             0010
          STATE_CHECK_ID |                             0011 |                             0011
       STATE_START_TRANS |                             0100 |                             0100
   STATE_START_TRANS_ACK |                             0101 |                             0101
       STATE_READ_STATUS |                             0110 |                             0110
            STATE_READ_X |                             0111 |                             0111
            STATE_READ_Y |                             1000 |                             1000
---------------------------------------------------------------------------------------------------
INFO: [Synth 8-3354] encoded FSM with state register 'Curr_State_reg' using encoding 'sequential' in module 'MouseMasterSM'
---------------------------------------------------------------------------------------------------
                   State |                     New Encoding |                     Old Encoding 
---------------------------------------------------------------------------------------------------
              STATE_IDLE |                              000 |                             0000
      STATE_HOST_CLK_LOW |                              001 |                             0001
     STATE_HOST_DATA_LOW |                              010 |                             0010
        STATE_TRANS_DATA |                              011 |                             0110
       STATE_TRANS_ACK_H |                              100 |                             0111
       STATE_TRANS_ACK_L |                              101 |                             1000
                  iSTATE |                              110 |                             1111
*
---------------------------------------------------------------------------------------------------
INFO: [Synth 8-3354] encoded FSM with state register 'Curr_State_reg' using encoding 'sequential' in module 'MouseTransmitter'
INFO: [Synth 8-5562] The signal Mem_reg is implemented as block RAM but is better mapped onto distributed LUT RAM for the following reason(s): The *depth (7 address bits)* is shallow. Please use attribute (* ram_style = "distributed" *) to instruct Vivado to infer distributed LUT RAM.
---------------------------------------------------------------------------------
Finished RTL Optimization Phase 2 : Time (s): cpu = 00:00:06 ; elapsed = 00:00:06 . Memory (MB): peak = 1249.453 ; gain = 497.875 ; free physical = 9273 ; free virtual = 13491
---------------------------------------------------------------------------------

Report RTL Partitions: 
+-+--------------+------------+----------+
| |RTL Partition |Replication |Instances |
+-+--------------+------------+----------+
+-+--------------+------------+----------+
---------------------------------------------------------------------------------
Start RTL Component Statistics 
---------------------------------------------------------------------------------
Detailed RTL Component Info : 
+---Adders : 
	   2 Input     32 Bit       Adders := 2     
	   2 Input     27 Bit       Adders := 2     
	   2 Input     20 Bit       Adders := 1     
	   2 Input     14 Bit       Adders := 1     
	   2 Input     12 Bit       Adders := 2     
	   3 Input      8 Bit       Adders := 1     
	   2 Input      8 Bit       Adders := 4     
	   2 Input      4 Bit       Adders := 2     
	   2 Input      2 Bit       Adders := 1     
+---XORs : 
	   2 Input      8 Bit         XORs := 1     
+---XORs : 
	                8 Bit    Wide XORs := 2     
+---Registers : 
	               32 Bit    Registers := 2     
	               27 Bit    Registers := 2     
	               20 Bit    Registers := 1     
	               16 Bit    Registers := 1     
	               14 Bit    Registers := 1     
	               11 Bit    Registers := 2     
	                8 Bit    Registers := 19    
	                4 Bit    Registers := 4     
	                2 Bit    Registers := 4     
	                1 Bit    Registers := 32    
+---RAMs : 
	             1024 Bit         RAMs := 1     
+---Muxes : 
	   5 Input     16 Bit        Muxes := 1     
	   2 Input     16 Bit        Muxes := 2     
	   2 Input     12 Bit        Muxes := 2     
	   2 Input     11 Bit        Muxes := 4     
	  16 Input      8 Bit        Muxes := 3     
	   3 Input      8 Bit        Muxes := 2     
	  35 Input      8 Bit        Muxes := 4     
	   2 Input      8 Bit        Muxes := 8     
	   9 Input      8 Bit        Muxes := 1     
	   4 Input      8 Bit        Muxes := 1     
	 257 Input      8 Bit        Muxes := 1     
	  16 Input      7 Bit        Muxes := 1     
	  53 Input      6 Bit        Muxes := 1     
	   2 Input      4 Bit        Muxes := 2     
	   4 Input      4 Bit        Muxes := 2     
	   9 Input      4 Bit        Muxes := 1     
	  24 Input      4 Bit        Muxes := 1     
	   7 Input      4 Bit        Muxes := 1     
	   3 Input      4 Bit        Muxes := 1     
	   9 Input      3 Bit        Muxes := 1     
	   3 Input      2 Bit        Muxes := 3     
	  35 Input      2 Bit        Muxes := 1     
	   2 Input      2 Bit        Muxes := 5     
	   6 Input      2 Bit        Muxes := 1     
	  35 Input      1 Bit        Muxes := 12    
	   2 Input      1 Bit        Muxes := 30    
	   3 Input      1 Bit        Muxes := 7     
	   9 Input      1 Bit        Muxes := 12    
	   7 Input      1 Bit        Muxes := 10    
---------------------------------------------------------------------------------
Finished RTL Component Statistics 
---------------------------------------------------------------------------------
---------------------------------------------------------------------------------
Start RTL Hierarchical Component Statistics 
---------------------------------------------------------------------------------
Hierarchical RTL Component report 
Module ALU 
Detailed RTL Component Info : 
+---Adders : 
	   3 Input      8 Bit       Adders := 1     
+---XORs : 
	   2 Input      8 Bit         XORs := 1     
+---Registers : 
	                8 Bit    Registers := 1     
+---Muxes : 
	  16 Input      8 Bit        Muxes := 3     
Module Processor 
Detailed RTL Component Info : 
+---Adders : 
	   2 Input      8 Bit       Adders := 3     
+---Registers : 
	                8 Bit    Registers := 6     
	                4 Bit    Registers := 1     
	                2 Bit    Registers := 2     
	                1 Bit    Registers := 3     
+---Muxes : 
	   3 Input      8 Bit        Muxes := 1     
	  35 Input      8 Bit        Muxes := 4     
	   2 Input      8 Bit        Muxes := 4     
	  53 Input      6 Bit        Muxes := 1     
	   2 Input      4 Bit        Muxes := 1     
	   3 Input      2 Bit        Muxes := 1     
	  35 Input      2 Bit        Muxes := 1     
	  35 Input      1 Bit        Muxes := 12    
Module Timer 
Detailed RTL Component Info : 
+---Adders : 
	   2 Input     32 Bit       Adders := 2     
+---Registers : 
	               32 Bit    Registers := 2     
	                8 Bit    Registers := 1     
	                1 Bit    Registers := 4     
+---Muxes : 
	   2 Input      1 Bit        Muxes := 4     
Module MouseCounter 
Detailed RTL Component Info : 
+---Adders : 
	   2 Input     20 Bit       Adders := 1     
+---Registers : 
	               20 Bit    Registers := 1     
	                1 Bit    Registers := 1     
Module MouseCounter__parameterized0 
Detailed RTL Component Info : 
+---Adders : 
	   2 Input      2 Bit       Adders := 1     
+---Registers : 
	                2 Bit    Registers := 1     
	                1 Bit    Registers := 1     
+---Muxes : 
	   2 Input      2 Bit        Muxes := 1     
Module seg7decoder 
Detailed RTL Component Info : 
+---Muxes : 
	  16 Input      7 Bit        Muxes := 1     
	   4 Input      4 Bit        Muxes := 1     
Module mux_4x1 
Detailed RTL Component Info : 
+---Muxes : 
	   4 Input      4 Bit        Muxes := 1     
Module seg7_Driver 
Detailed RTL Component Info : 
+---Registers : 
	                8 Bit    Registers := 2     
+---Muxes : 
	   2 Input      1 Bit        Muxes := 4     
Module MouseCounter__parameterized1 
Detailed RTL Component Info : 
+---Adders : 
	   2 Input     27 Bit       Adders := 1     
+---Registers : 
	               27 Bit    Registers := 1     
	                1 Bit    Registers := 1     
Module MouseMasterSM 
Detailed RTL Component Info : 
+---Registers : 
	                8 Bit    Registers := 4     
	                1 Bit    Registers := 4     
+---Muxes : 
	   2 Input      8 Bit        Muxes := 2     
	   9 Input      8 Bit        Muxes := 1     
	   9 Input      4 Bit        Muxes := 1     
	  24 Input      4 Bit        Muxes := 1     
	   2 Input      1 Bit        Muxes := 4     
	   3 Input      1 Bit        Muxes := 1     
	   9 Input      1 Bit        Muxes := 12    
Module MouseCounter__parameterized2 
Detailed RTL Component Info : 
+---Adders : 
	   2 Input     14 Bit       Adders := 1     
+---Registers : 
	               14 Bit    Registers := 1     
	                1 Bit    Registers := 1     
Module MouseTransmitter 
Detailed RTL Component Info : 
+---Adders : 
	   2 Input      4 Bit       Adders := 1     
+---XORs : 
	                8 Bit    Wide XORs := 1     
+---Registers : 
	                4 Bit    Registers := 1     
	                1 Bit    Registers := 7     
+---Muxes : 
	   7 Input      4 Bit        Muxes := 1     
	   9 Input      3 Bit        Muxes := 1     
	   2 Input      1 Bit        Muxes := 1     
	   7 Input      1 Bit        Muxes := 10    
Module MouseCounter__parameterized3 
Detailed RTL Component Info : 
+---Adders : 
	   2 Input     27 Bit       Adders := 1     
+---Registers : 
	               27 Bit    Registers := 1     
	                1 Bit    Registers := 1     
Module MouseReceiver 
Detailed RTL Component Info : 
+---Adders : 
	   2 Input      4 Bit       Adders := 1     
+---XORs : 
	                8 Bit    Wide XORs := 1     
+---Registers : 
	                8 Bit    Registers := 1     
	                4 Bit    Registers := 2     
	                2 Bit    Registers := 1     
	                1 Bit    Registers := 4     
+---Muxes : 
	   2 Input      8 Bit        Muxes := 1     
	   3 Input      8 Bit        Muxes := 1     
	   2 Input      4 Bit        Muxes := 1     
	   3 Input      4 Bit        Muxes := 1     
	   2 Input      2 Bit        Muxes := 4     
	   3 Input      2 Bit        Muxes := 2     
	   6 Input      2 Bit        Muxes := 1     
	   2 Input      1 Bit        Muxes := 14    
	   3 Input      1 Bit        Muxes := 6     
Module MouseCounter__parameterized4 
Detailed RTL Component Info : 
+---Adders : 
	   2 Input      8 Bit       Adders := 1     
+---Registers : 
	                8 Bit    Registers := 1     
	                1 Bit    Registers := 1     
Module MouseTransceiver 
Detailed RTL Component Info : 
+---Adders : 
	   2 Input     12 Bit       Adders := 2     
+---Registers : 
	               11 Bit    Registers := 2     
	                1 Bit    Registers := 1     
+---Muxes : 
	   2 Input     12 Bit        Muxes := 2     
	   2 Input     11 Bit        Muxes := 4     
	   2 Input      1 Bit        Muxes := 1     
Module Mouse_Driver 
Detailed RTL Component Info : 
+---Registers : 
	                8 Bit    Registers := 1     
	                1 Bit    Registers := 2     
+---Muxes : 
	   4 Input      8 Bit        Muxes := 1     
	   2 Input      8 Bit        Muxes := 1     
	   2 Input      1 Bit        Muxes := 2     
Module LED_Driver 
Detailed RTL Component Info : 
+---Registers : 
	               16 Bit    Registers := 1     
+---Muxes : 
	   5 Input     16 Bit        Muxes := 1     
	   2 Input     16 Bit        Muxes := 2     
Module RAM 
Detailed RTL Component Info : 
+---Registers : 
	                8 Bit    Registers := 1     
	                1 Bit    Registers := 1     
+---RAMs : 
	             1024 Bit         RAMs := 1     
Module ROM 
Detailed RTL Component Info : 
+---Registers : 
	                8 Bit    Registers := 1     
+---Muxes : 
	 257 Input      8 Bit        Muxes := 1     
---------------------------------------------------------------------------------
Finished RTL Hierarchical Component Statistics
---------------------------------------------------------------------------------
---------------------------------------------------------------------------------
Start Part Resource Summary
---------------------------------------------------------------------------------
Part Resources:
DSPs: 120 (col length:60)
BRAMs: 150 (col length: RAMB18 60 RAMB36 30)
---------------------------------------------------------------------------------
Finished Part Resource Summary
---------------------------------------------------------------------------------
Start Parallel Synthesis Optimization  : Time (s): cpu = 00:00:06 ; elapsed = 00:00:06 . Memory (MB): peak = 1249.453 ; gain = 497.875 ; free physical = 9273 ; free virtual = 13491
---------------------------------------------------------------------------------
Start Cross Boundary Optimization
---------------------------------------------------------------------------------
INFO: [Synth 8-5545] ROM "DownCounter" won't be mapped to RAM because address size (32) is larger than maximum supported(18)
INFO: [Synth 8-5545] ROM "Timer" won't be mapped to RAM because address size (32) is larger than maximum supported(18)
INFO: [Synth 8-5546] ROM "TransmitTimerValue" won't be mapped to RAM because it is too sparse
INFO: [Synth 8-5546] ROM "Next_DATA_MOUSE_OUT" won't be mapped to RAM because it is too sparse
---------------------------------------------------------------------------------
Finished Cross Boundary Optimization : Time (s): cpu = 00:00:07 ; elapsed = 00:00:07 . Memory (MB): peak = 1249.453 ; gain = 497.875 ; free physical = 9273 ; free virtual = 13491
---------------------------------------------------------------------------------
Finished Parallel Reinference  : Time (s): cpu = 00:00:07 ; elapsed = 00:00:07 . Memory (MB): peak = 1249.453 ; gain = 497.875 ; free physical = 9273 ; free virtual = 13491

Report RTL Partitions: 
+-+--------------+------------+----------+
| |RTL Partition |Replication |Instances |
+-+--------------+------------+----------+
+-+--------------+------------+----------+
INFO: [Synth 8-5562] The signal u_RAM/Mem_reg is implemented as block RAM but is better mapped onto distributed LUT RAM for the following reason(s): The *depth (7 address bits)* is shallow. Please use attribute (* ram_style = "distributed" *) to instruct Vivado to infer distributed LUT RAM.
---------------------------------------------------------------------------------
Start ROM, RAM, DSP and Shift Register Reporting
---------------------------------------------------------------------------------

Block RAM:
+------------+---------------+------------------------+---+---+------------------------+---+---+---------+--------+--------+-------------------+
|Module Name | RTL Object    | PORT A (Depth x Width) | W | R | PORT B (Depth x Width) | W | R | OUT_REG | RAMB18 | RAMB36 | Hierarchical Name | 
+------------+---------------+------------------------+---+---+------------------------+---+---+---------+--------+--------+-------------------+
|top         | u_RAM/Mem_reg | 128 x 8(READ_FIRST)    | W | R |                        |   |   | Port A  | 1      | 0      | top/extram__2     | 
+------------+---------------+------------------------+---+---+------------------------+---+---+---------+--------+--------+-------------------+

Note: The table shows the Block RAMs at the current stage of the synthesis flow. Some Block RAMs may be reimplemented as non Block RAM primitives later in the synthesis flow. Multiple instantiated Block RAMs are reported only once. "Hierarchical Name" reflects the Block RAM name as it appears in the hierarchical module and only part of it is displayed.
---------------------------------------------------------------------------------
Finished ROM, RAM, DSP and Shift Register Reporting
---------------------------------------------------------------------------------
INFO: [Synth 8-3333] propagating constant 0 across sequential element (\u_Processor/CurrProgCounterOffset_reg[1] )
INFO: [Synth 8-3333] propagating constant 0 across sequential element (\u_ROM/DATA_reg[2] )
WARNING: [Synth 8-3332] Sequential element (\u_Processor/CurrProgCounterOffset_reg[1] ) is unused and will be removed from module top.
WARNING: [Synth 8-3332] Sequential element (\u_ROM/DATA_reg[2] ) is unused and will be removed from module top.
---------------------------------------------------------------------------------
Start Area Optimization
---------------------------------------------------------------------------------
---------------------------------------------------------------------------------
Finished Area Optimization : Time (s): cpu = 00:00:08 ; elapsed = 00:00:09 . Memory (MB): peak = 1249.453 ; gain = 497.875 ; free physical = 9257 ; free virtual = 13475
---------------------------------------------------------------------------------
Finished Parallel Area Optimization  : Time (s): cpu = 00:00:08 ; elapsed = 00:00:09 . Memory (MB): peak = 1249.453 ; gain = 497.875 ; free physical = 9257 ; free virtual = 13475

Report RTL Partitions: 
+-+--------------+------------+----------+
| |RTL Partition |Replication |Instances |
+-+--------------+------------+----------+
+-+--------------+------------+----------+
Finished Parallel Synthesis Optimization  : Time (s): cpu = 00:00:08 ; elapsed = 00:00:09 . Memory (MB): peak = 1249.453 ; gain = 497.875 ; free physical = 9257 ; free virtual = 13475
---------------------------------------------------------------------------------
Start Timing Optimization
---------------------------------------------------------------------------------
---------------------------------------------------------------------------------
Start Applying XDC Timing Constraints
---------------------------------------------------------------------------------
incorrect argument "-dict" for "set_property" at line 7 of file /home/tommyj/AMD_FPGA/Mouse_Interface_2015/Mouse_Interface_2015.srcs/constrs_1/imports/new/MouseXDC.xdc
incorrect set of required parameters for "set_property" at line 7 of file /home/tommyj/AMD_FPGA/Mouse_Interface_2015/Mouse_Interface_2015.srcs/constrs_1/imports/new/MouseXDC.xdc
---------------------------------------------------------------------
Usage:
  set_property
    [-help]
    [-quiet]
    attribute
    value
    object
    [{>|>>} <stdoutFile>]
---------------------------------------------------------------------
incorrect argument "-dict" for "set_property" at line 12 of file /home/tommyj/AMD_FPGA/Mouse_Interface_2015/Mouse_Interface_2015.srcs/constrs_1/imports/new/MouseXDC.xdc
incorrect set of required parameters for "set_property" at line 12 of file /home/tommyj/AMD_FPGA/Mouse_Interface_2015/Mouse_Interface_2015.srcs/constrs_1/imports/new/MouseXDC.xdc
---------------------------------------------------------------------
Usage:
  set_property
    [-help]
    [-quiet]
    attribute
    value
    object
    [{>|>>} <stdoutFile>]
---------------------------------------------------------------------
incorrect argument "-dict" for "set_property" at line 13 of file /home/tommyj/AMD_FPGA/Mouse_Interface_2015/Mouse_Interface_2015.srcs/constrs_1/imports/new/MouseXDC.xdc
incorrect set of required parameters for "set_property" at line 13 of file /home/tommyj/AMD_FPGA/Mouse_Interface_2015/Mouse_Interface_2015.srcs/constrs_1/imports/new/MouseXDC.xdc
---------------------------------------------------------------------
Usage:
  set_property
    [-help]
    [-quiet]
    attribute
    value
    object
    [{>|>>} <stdoutFile>]
---------------------------------------------------------------------
incorrect argument "-dict" for "set_property" at line 31 of file /home/tommyj/AMD_FPGA/Mouse_Interface_2015/Mouse_Interface_2015.srcs/constrs_1/imports/new/MouseXDC.xdc
incorrect set of required parameters for "set_property" at line 31 of file /home/tommyj/AMD_FPGA/Mouse_Interface_2015/Mouse_Interface_2015.srcs/constrs_1/imports/new/MouseXDC.xdc
---------------------------------------------------------------------
Usage:
  set_property
    [-help]
    [-quiet]
    attribute
    value
    object
    [{>|>>} <stdoutFile>]
---------------------------------------------------------------------
incorrect argument "-dict" for "set_property" at line 32 of file /home/tommyj/AMD_FPGA/Mouse_Interface_2015/Mouse_Interface_2015.srcs/constrs_1/imports/new/MouseXDC.xdc
incorrect set of required parameters for "set_property" at line 32 of file /home/tommyj/AMD_FPGA/Mouse_Interface_2015/Mouse_Interface_2015.srcs/constrs_1/imports/new/MouseXDC.xdc
---------------------------------------------------------------------
Usage:
  set_property
    [-help]
    [-quiet]
    attribute
    value
    object
    [{>|>>} <stdoutFile>]
---------------------------------------------------------------------
incorrect argument "-dict" for "set_property" at line 33 of file /home/tommyj/AMD_FPGA/Mouse_Interface_2015/Mouse_Interface_2015.srcs/constrs_1/imports/new/MouseXDC.xdc
incorrect set of required parameters for "set_property" at line 33 of file /home/tommyj/AMD_FPGA/Mouse_Interface_2015/Mouse_Interface_2015.srcs/constrs_1/imports/new/MouseXDC.xdc
---------------------------------------------------------------------
Usage:
  set_property
    [-help]
    [-quiet]
    attribute
    value
    object
    [{>|>>} <stdoutFile>]
---------------------------------------------------------------------
incorrect argument "-dict" for "set_property" at line 34 of file /home/tommyj/AMD_FPGA/Mouse_Interface_2015/Mouse_Interface_2015.srcs/constrs_1/imports/new/MouseXDC.xdc
incorrect set of required parameters for "set_property" at line 34 of file /home/tommyj/AMD_FPGA/Mouse_Interface_2015/Mouse_Interface_2015.srcs/constrs_1/imports/new/MouseXDC.xdc
---------------------------------------------------------------------
Usage:
  set_property
    [-help]
    [-quiet]
    attribute
    value
    object
    [{>|>>} <stdoutFile>]
---------------------------------------------------------------------
incorrect argument "-dict" for "set_property" at line 35 of file /home/tommyj/AMD_FPGA/Mouse_Interface_2015/Mouse_Interface_2015.srcs/constrs_1/imports/new/MouseXDC.xdc
incorrect set of required parameters for "set_property" at line 35 of file /home/tommyj/AMD_FPGA/Mouse_Interface_2015/Mouse_Interface_2015.srcs/constrs_1/imports/new/MouseXDC.xdc
---------------------------------------------------------------------
Usage:
  set_property
    [-help]
    [-quiet]
    attribute
    value
    object
    [{>|>>} <stdoutFile>]
---------------------------------------------------------------------
incorrect argument "-dict" for "set_property" at line 36 of file /home/tommyj/AMD_FPGA/Mouse_Interface_2015/Mouse_Interface_2015.srcs/constrs_1/imports/new/MouseXDC.xdc
incorrect set of required parameters for "set_property" at line 36 of file /home/tommyj/AMD_FPGA/Mouse_Interface_2015/Mouse_Interface_2015.srcs/constrs_1/imports/new/MouseXDC.xdc
---------------------------------------------------------------------
Usage:
  set_property
    [-help]
    [-quiet]
    attribute
    value
    object
    [{>|>>} <stdoutFile>]
---------------------------------------------------------------------
incorrect argument "-dict" for "set_property" at line 37 of file /home/tommyj/AMD_FPGA/Mouse_Interface_2015/Mouse_Interface_2015.srcs/constrs_1/imports/new/MouseXDC.xdc
incorrect set of required parameters for "set_property" at line 37 of file /home/tommyj/AMD_FPGA/Mouse_Interface_2015/Mouse_Interface_2015.srcs/constrs_1/imports/new/MouseXDC.xdc
---------------------------------------------------------------------
Usage:
  set_property
    [-help]
    [-quiet]
    attribute
    value
    object
    [{>|>>} <stdoutFile>]
---------------------------------------------------------------------
incorrect argument "-dict" for "set_property" at line 38 of file /home/tommyj/AMD_FPGA/Mouse_Interface_2015/Mouse_Interface_2015.srcs/constrs_1/imports/new/MouseXDC.xdc
incorrect set of required parameters for "set_property" at line 38 of file /home/tommyj/AMD_FPGA/Mouse_Interface_2015/Mouse_Interface_2015.srcs/constrs_1/imports/new/MouseXDC.xdc
---------------------------------------------------------------------
Usage:
  set_property
    [-help]
    [-quiet]
    attribute
    value
    object
    [{>|>>} <stdoutFile>]
---------------------------------------------------------------------
incorrect argument "-dict" for "set_property" at line 39 of file /home/tommyj/AMD_FPGA/Mouse_Interface_2015/Mouse_Interface_2015.srcs/constrs_1/imports/new/MouseXDC.xdc
incorrect set of required parameters for "set_property" at line 39 of file /home/tommyj/AMD_FPGA/Mouse_Interface_2015/Mouse_Interface_2015.srcs/constrs_1/imports/new/MouseXDC.xdc
---------------------------------------------------------------------
Usage:
  set_property
    [-help]
    [-quiet]
    attribute
    value
    object
    [{>|>>} <stdoutFile>]
---------------------------------------------------------------------
incorrect argument "-dict" for "set_property" at line 40 of file /home/tommyj/AMD_FPGA/Mouse_Interface_2015/Mouse_Interface_2015.srcs/constrs_1/imports/new/MouseXDC.xdc
incorrect set of required parameters for "set_property" at line 40 of file /home/tommyj/AMD_FPGA/Mouse_Interface_2015/Mouse_Interface_2015.srcs/constrs_1/imports/new/MouseXDC.xdc
---------------------------------------------------------------------
Usage:
  set_property
    [-help]
    [-quiet]
    attribute
    value
    object
    [{>|>>} <stdoutFile>]
---------------------------------------------------------------------
incorrect argument "-dict" for "set_property" at line 41 of file /home/tommyj/AMD_FPGA/Mouse_Interface_2015/Mouse_Interface_2015.srcs/constrs_1/imports/new/MouseXDC.xdc
incorrect set of required parameters for "set_property" at line 41 of file /home/tommyj/AMD_FPGA/Mouse_Interface_2015/Mouse_Interface_2015.srcs/constrs_1/imports/new/MouseXDC.xdc
---------------------------------------------------------------------
Usage:
  set_property
    [-help]
    [-quiet]
    attribute
    value
    object
    [{>|>>} <stdoutFile>]
---------------------------------------------------------------------
incorrect argument "-dict" for "set_property" at line 42 of file /home/tommyj/AMD_FPGA/Mouse_Interface_2015/Mouse_Interface_2015.srcs/constrs_1/imports/new/MouseXDC.xdc
incorrect set of required parameters for "set_property" at line 42 of file /home/tommyj/AMD_FPGA/Mouse_Interface_2015/Mouse_Interface_2015.srcs/constrs_1/imports/new/MouseXDC.xdc
---------------------------------------------------------------------
Usage:
  set_property
    [-help]
    [-quiet]
    attribute
    value
    object
    [{>|>>} <stdoutFile>]
---------------------------------------------------------------------
incorrect argument "-dict" for "set_property" at line 43 of file /home/tommyj/AMD_FPGA/Mouse_Interface_2015/Mouse_Interface_2015.srcs/constrs_1/imports/new/MouseXDC.xdc
incorrect set of required parameters for "set_property" at line 43 of file /home/tommyj/AMD_FPGA/Mouse_Interface_2015/Mouse_Interface_2015.srcs/constrs_1/imports/new/MouseXDC.xdc
---------------------------------------------------------------------
Usage:
  set_property
    [-help]
    [-quiet]
    attribute
    value
    object
    [{>|>>} <stdoutFile>]
---------------------------------------------------------------------
incorrect argument "-dict" for "set_property" at line 44 of file /home/tommyj/AMD_FPGA/Mouse_Interface_2015/Mouse_Interface_2015.srcs/constrs_1/imports/new/MouseXDC.xdc
incorrect set of required parameters for "set_property" at line 44 of file /home/tommyj/AMD_FPGA/Mouse_Interface_2015/Mouse_Interface_2015.srcs/constrs_1/imports/new/MouseXDC.xdc
---------------------------------------------------------------------
Usage:
  set_property
    [-help]
    [-quiet]
    attribute
    value
    object
    [{>|>>} <stdoutFile>]
---------------------------------------------------------------------
incorrect argument "-dict" for "set_property" at line 45 of file /home/tommyj/AMD_FPGA/Mouse_Interface_2015/Mouse_Interface_2015.srcs/constrs_1/imports/new/MouseXDC.xdc
incorrect set of required parameters for "set_property" at line 45 of file /home/tommyj/AMD_FPGA/Mouse_Interface_2015/Mouse_Interface_2015.srcs/constrs_1/imports/new/MouseXDC.xdc
---------------------------------------------------------------------
Usage:
  set_property
    [-help]
    [-quiet]
    attribute
    value
    object
    [{>|>>} <stdoutFile>]
---------------------------------------------------------------------
incorrect argument "-dict" for "set_property" at line 46 of file /home/tommyj/AMD_FPGA/Mouse_Interface_2015/Mouse_Interface_2015.srcs/constrs_1/imports/new/MouseXDC.xdc
incorrect set of required parameters for "set_property" at line 46 of file /home/tommyj/AMD_FPGA/Mouse_Interface_2015/Mouse_Interface_2015.srcs/constrs_1/imports/new/MouseXDC.xdc
---------------------------------------------------------------------
Usage:
  set_property
    [-help]
    [-quiet]
    attribute
    value
    object
    [{>|>>} <stdoutFile>]
---------------------------------------------------------------------
incorrect argument "-dict" for "set_property" at line 50 of file /home/tommyj/AMD_FPGA/Mouse_Interface_2015/Mouse_Interface_2015.srcs/constrs_1/imports/new/MouseXDC.xdc
incorrect set of required parameters for "set_property" at line 50 of file /home/tommyj/AMD_FPGA/Mouse_Interface_2015/Mouse_Interface_2015.srcs/constrs_1/imports/new/MouseXDC.xdc
---------------------------------------------------------------------
Usage:
  set_property
    [-help]
    [-quiet]
    attribute
    value
    object
    [{>|>>} <stdoutFile>]
---------------------------------------------------------------------
incorrect argument "-dict" for "set_property" at line 51 of file /home/tommyj/AMD_FPGA/Mouse_Interface_2015/Mouse_Interface_2015.srcs/constrs_1/imports/new/MouseXDC.xdc
incorrect set of required parameters for "set_property" at line 51 of file /home/tommyj/AMD_FPGA/Mouse_Interface_2015/Mouse_Interface_2015.srcs/constrs_1/imports/new/MouseXDC.xdc
---------------------------------------------------------------------
Usage:
  set_property
    [-help]
    [-quiet]
    attribute
    value
    object
    [{>|>>} <stdoutFile>]
---------------------------------------------------------------------
incorrect argument "-dict" for "set_property" at line 52 of file /home/tommyj/AMD_FPGA/Mouse_Interface_2015/Mouse_Interface_2015.srcs/constrs_1/imports/new/MouseXDC.xdc
incorrect set of required parameters for "set_property" at line 52 of file /home/tommyj/AMD_FPGA/Mouse_Interface_2015/Mouse_Interface_2015.srcs/constrs_1/imports/new/MouseXDC.xdc
---------------------------------------------------------------------
Usage:
  set_property
    [-help]
    [-quiet]
    attribute
    value
    object
    [{>|>>} <stdoutFile>]
---------------------------------------------------------------------
incorrect argument "-dict" for "set_property" at line 53 of file /home/tommyj/AMD_FPGA/Mouse_Interface_2015/Mouse_Interface_2015.srcs/constrs_1/imports/new/MouseXDC.xdc
incorrect set of required parameters for "set_property" at line 53 of file /home/tommyj/AMD_FPGA/Mouse_Interface_2015/Mouse_Interface_2015.srcs/constrs_1/imports/new/MouseXDC.xdc
---------------------------------------------------------------------
Usage:
  set_property
    [-help]
    [-quiet]
    attribute
    value
    object
    [{>|>>} <stdoutFile>]
---------------------------------------------------------------------
incorrect argument "-dict" for "set_property" at line 54 of file /home/tommyj/AMD_FPGA/Mouse_Interface_2015/Mouse_Interface_2015.srcs/constrs_1/imports/new/MouseXDC.xdc
incorrect set of required parameters for "set_property" at line 54 of file /home/tommyj/AMD_FPGA/Mouse_Interface_2015/Mouse_Interface_2015.srcs/constrs_1/imports/new/MouseXDC.xdc
---------------------------------------------------------------------
Usage:
  set_property
    [-help]
    [-quiet]
    attribute
    value
    object
    [{>|>>} <stdoutFile>]
---------------------------------------------------------------------
incorrect argument "-dict" for "set_property" at line 55 of file /home/tommyj/AMD_FPGA/Mouse_Interface_2015/Mouse_Interface_2015.srcs/constrs_1/imports/new/MouseXDC.xdc
incorrect set of required parameters for "set_property" at line 55 of file /home/tommyj/AMD_FPGA/Mouse_Interface_2015/Mouse_Interface_2015.srcs/constrs_1/imports/new/MouseXDC.xdc
---------------------------------------------------------------------
Usage:
  set_property
    [-help]
    [-quiet]
    attribute
    value
    object
    [{>|>>} <stdoutFile>]
---------------------------------------------------------------------
incorrect argument "-dict" for "set_property" at line 56 of file /home/tommyj/AMD_FPGA/Mouse_Interface_2015/Mouse_Interface_2015.srcs/constrs_1/imports/new/MouseXDC.xdc
incorrect set of required parameters for "set_property" at line 56 of file /home/tommyj/AMD_FPGA/Mouse_Interface_2015/Mouse_Interface_2015.srcs/constrs_1/imports/new/MouseXDC.xdc
---------------------------------------------------------------------
Usage:
  set_property
    [-help]
    [-quiet]
    attribute
    value
    object
    [{>|>>} <stdoutFile>]
---------------------------------------------------------------------
incorrect argument "-dict" for "set_property" at line 58 of file /home/tommyj/AMD_FPGA/Mouse_Interface_2015/Mouse_Interface_2015.srcs/constrs_1/imports/new/MouseXDC.xdc
incorrect set of required parameters for "set_property" at line 58 of file /home/tommyj/AMD_FPGA/Mouse_Interface_2015/Mouse_Interface_2015.srcs/constrs_1/imports/new/MouseXDC.xdc
---------------------------------------------------------------------
Usage:
  set_property
    [-help]
    [-quiet]
    attribute
    value
    object
    [{>|>>} <stdoutFile>]
---------------------------------------------------------------------
incorrect argument "-dict" for "set_property" at line 60 of file /home/tommyj/AMD_FPGA/Mouse_Interface_2015/Mouse_Interface_2015.srcs/constrs_1/imports/new/MouseXDC.xdc
incorrect set of required parameters for "set_property" at line 60 of file /home/tommyj/AMD_FPGA/Mouse_Interface_2015/Mouse_Interface_2015.srcs/constrs_1/imports/new/MouseXDC.xdc
---------------------------------------------------------------------
Usage:
  set_property
    [-help]
    [-quiet]
    attribute
    value
    object
    [{>|>>} <stdoutFile>]
---------------------------------------------------------------------
incorrect argument "-dict" for "set_property" at line 61 of file /home/tommyj/AMD_FPGA/Mouse_Interface_2015/Mouse_Interface_2015.srcs/constrs_1/imports/new/MouseXDC.xdc
incorrect set of required parameters for "set_property" at line 61 of file /home/tommyj/AMD_FPGA/Mouse_Interface_2015/Mouse_Interface_2015.srcs/constrs_1/imports/new/MouseXDC.xdc
---------------------------------------------------------------------
Usage:
  set_property
    [-help]
    [-quiet]
    attribute
    value
    object
    [{>|>>} <stdoutFile>]
---------------------------------------------------------------------
incorrect argument "-dict" for "set_property" at line 62 of file /home/tommyj/AMD_FPGA/Mouse_Interface_2015/Mouse_Interface_2015.srcs/constrs_1/imports/new/MouseXDC.xdc
incorrect set of required parameters for "set_property" at line 62 of file /home/tommyj/AMD_FPGA/Mouse_Interface_2015/Mouse_Interface_2015.srcs/constrs_1/imports/new/MouseXDC.xdc
---------------------------------------------------------------------
Usage:
  set_property
    [-help]
    [-quiet]
    attribute
    value
    object
    [{>|>>} <stdoutFile>]
---------------------------------------------------------------------
incorrect argument "-dict" for "set_property" at line 63 of file /home/tommyj/AMD_FPGA/Mouse_Interface_2015/Mouse_Interface_2015.srcs/constrs_1/imports/new/MouseXDC.xdc
incorrect set of required parameters for "set_property" at line 63 of file /home/tommyj/AMD_FPGA/Mouse_Interface_2015/Mouse_Interface_2015.srcs/constrs_1/imports/new/MouseXDC.xdc
---------------------------------------------------------------------
Usage:
  set_property
    [-help]
    [-quiet]
    attribute
    value
    object
    [{>|>>} <stdoutFile>]
---------------------------------------------------------------------
incorrect argument "-dict" for "set_property" at line 67 of file /home/tommyj/AMD_FPGA/Mouse_Interface_2015/Mouse_Interface_2015.srcs/constrs_1/imports/new/MouseXDC.xdc
incorrect set of required parameters for "set_property" at line 67 of file /home/tommyj/AMD_FPGA/Mouse_Interface_2015/Mouse_Interface_2015.srcs/constrs_1/imports/new/MouseXDC.xdc
---------------------------------------------------------------------
Usage:
  set_property
    [-help]
    [-quiet]
    attribute
    value
    object
    [{>|>>} <stdoutFile>]
---------------------------------------------------------------------
---------------------------------------------------------------------------------
Finished Applying XDC Timing Constraints : Time (s): cpu = 00:00:12 ; elapsed = 00:00:12 . Memory (MB): peak = 1249.453 ; gain = 497.875 ; free physical = 9196 ; free virtual = 13414
---------------------------------------------------------------------------------
---------------------------------------------------------------------------------
Finished Timing Optimization : Time (s): cpu = 00:00:12 ; elapsed = 00:00:12 . Memory (MB): peak = 1249.453 ; gain = 497.875 ; free physical = 9196 ; free virtual = 13414
---------------------------------------------------------------------------------

Report RTL Partitions: 
+-+--------------+------------+----------+
| |RTL Partition |Replication |Instances |
+-+--------------+------------+----------+
+-+--------------+------------+----------+
---------------------------------------------------------------------------------
Start Technology Mapping
---------------------------------------------------------------------------------
WARNING: [Synth 8-3332] Sequential element (\ResetTimer/count_value_reg[26] ) is unused and will be removed from module MouseReceiver.
WARNING: [Synth 8-3332] Sequential element (\ResetTimer/count_value_reg[25] ) is unused and will be removed from module MouseReceiver.
WARNING: [Synth 8-3332] Sequential element (\ResetTimer/count_value_reg[24] ) is unused and will be removed from module MouseReceiver.
WARNING: [Synth 8-3332] Sequential element (\ResetTimer/count_value_reg[23] ) is unused and will be removed from module MouseReceiver.
WARNING: [Synth 8-3332] Sequential element (\ResetTimer/count_value_reg[22] ) is unused and will be removed from module MouseReceiver.
WARNING: [Synth 8-3332] Sequential element (\ResetTimer/count_value_reg[21] ) is unused and will be removed from module MouseReceiver.
WARNING: [Synth 8-3332] Sequential element (\ResetTimer/count_value_reg[20] ) is unused and will be removed from module MouseReceiver.
WARNING: [Synth 8-3332] Sequential element (\ResetTimer/count_value_reg[19] ) is unused and will be removed from module MouseReceiver.
WARNING: [Synth 8-3332] Sequential element (\ResetTimer/count_value_reg[18] ) is unused and will be removed from module MouseReceiver.
WARNING: [Synth 8-3332] Sequential element (\ResetTimer/count_value_reg[17] ) is unused and will be removed from module MouseReceiver.
WARNING: [Synth 8-3332] Sequential element (\ResetTimer/count_value_reg[16] ) is unused and will be removed from module MouseReceiver.
WARNING: [Synth 8-3332] Sequential element (\ResetTimer/count_value_reg[15] ) is unused and will be removed from module MouseReceiver.
WARNING: [Synth 8-3332] Sequential element (\ResetTimer/count_value_reg[14] ) is unused and will be removed from module MouseReceiver.
WARNING: [Synth 8-3332] Sequential element (\ResetTimer/count_value_reg[13] ) is unused and will be removed from module MouseReceiver.
WARNING: [Synth 8-3332] Sequential element (\ResetTimer/count_value_reg[12] ) is unused and will be removed from module MouseReceiver.
WARNING: [Synth 8-3332] Sequential element (\ResetTimer/count_value_reg[11] ) is unused and will be removed from module MouseReceiver.
WARNING: [Synth 8-3332] Sequential element (\ResetTimer/count_value_reg[10] ) is unused and will be removed from module MouseReceiver.
WARNING: [Synth 8-3332] Sequential element (\ResetTimer/count_value_reg[9] ) is unused and will be removed from module MouseReceiver.
WARNING: [Synth 8-3332] Sequential element (\ResetTimer/count_value_reg[8] ) is unused and will be removed from module MouseReceiver.
WARNING: [Synth 8-3332] Sequential element (\ResetTimer/count_value_reg[7] ) is unused and will be removed from module MouseReceiver.
WARNING: [Synth 8-3332] Sequential element (\ResetTimer/count_value_reg[6] ) is unused and will be removed from module MouseReceiver.
WARNING: [Synth 8-3332] Sequential element (\ResetTimer/count_value_reg[5] ) is unused and will be removed from module MouseReceiver.
WARNING: [Synth 8-3332] Sequential element (\ResetTimer/count_value_reg[4] ) is unused and will be removed from module MouseReceiver.
WARNING: [Synth 8-3332] Sequential element (\ResetTimer/count_value_reg[3] ) is unused and will be removed from module MouseReceiver.
WARNING: [Synth 8-3332] Sequential element (\ResetTimer/count_value_reg[2] ) is unused and will be removed from module MouseReceiver.
WARNING: [Synth 8-3332] Sequential element (\ResetTimer/count_value_reg[1] ) is unused and will be removed from module MouseReceiver.
WARNING: [Synth 8-3332] Sequential element (\ResetTimer/count_value_reg[0] ) is unused and will be removed from module MouseReceiver.
WARNING: [Synth 8-3332] Sequential element (Curr_TIMER_RESET_reg) is unused and will be removed from module MouseReceiver.
WARNING: [Synth 8-3332] Sequential element (\ResetTimer/Trigger_out_reg ) is unused and will be removed from module MouseReceiver.
WARNING: [Synth 8-3332] Sequential element (\Curr_State_reg[3] ) is unused and will be removed from module MouseReceiver.
WARNING: [Synth 8-3332] Sequential element (\Curr_State_reg[2] ) is unused and will be removed from module MouseReceiver.
WARNING: [Synth 8-3332] Sequential element (\Curr_State_reg[0] ) is unused and will be removed from module MouseReceiver.
INFO: [Synth 8-4480] The timing for the instance \u_RAM/Mem_reg  (implemented as a block RAM) might be sub-optimal as no optional output register could be merged into the block ram. Providing additional output register may help in improving timing.
---------------------------------------------------------------------------------
Finished Technology Mapping : Time (s): cpu = 00:00:12 ; elapsed = 00:00:13 . Memory (MB): peak = 1249.453 ; gain = 497.875 ; free physical = 9170 ; free virtual = 13388
---------------------------------------------------------------------------------

Report RTL Partitions: 
+-+--------------+------------+----------+
| |RTL Partition |Replication |Instances |
+-+--------------+------------+----------+
+-+--------------+------------+----------+
---------------------------------------------------------------------------------
Start IO Insertion
---------------------------------------------------------------------------------
---------------------------------------------------------------------------------
Start Final Netlist Cleanup
---------------------------------------------------------------------------------
---------------------------------------------------------------------------------
Finished Final Netlist Cleanup
---------------------------------------------------------------------------------
---------------------------------------------------------------------------------
Finished IO Insertion : Time (s): cpu = 00:00:13 ; elapsed = 00:00:13 . Memory (MB): peak = 1249.453 ; gain = 497.875 ; free physical = 9170 ; free virtual = 13388
---------------------------------------------------------------------------------

Report Check Netlist: 
+------+------------------+-------+---------+-------+------------------+
|      |Item              |Errors |Warnings |Status |Description       |
+------+------------------+-------+---------+-------+------------------+
|1     |multi_driven_nets |      0|        0|Passed |Multi driven nets |
+------+------------------+-------+---------+-------+------------------+
---------------------------------------------------------------------------------
Start Renaming Generated Instances
---------------------------------------------------------------------------------
---------------------------------------------------------------------------------
Finished Renaming Generated Instances : Time (s): cpu = 00:00:13 ; elapsed = 00:00:13 . Memory (MB): peak = 1249.453 ; gain = 497.875 ; free physical = 9170 ; free virtual = 13388
---------------------------------------------------------------------------------

Report RTL Partitions: 
+-+--------------+------------+----------+
| |RTL Partition |Replication |Instances |
+-+--------------+------------+----------+
+-+--------------+------------+----------+
---------------------------------------------------------------------------------
Start Rebuilding User Hierarchy
---------------------------------------------------------------------------------
---------------------------------------------------------------------------------
Finished Rebuilding User Hierarchy : Time (s): cpu = 00:00:13 ; elapsed = 00:00:13 . Memory (MB): peak = 1249.453 ; gain = 497.875 ; free physical = 9169 ; free virtual = 13387
---------------------------------------------------------------------------------
---------------------------------------------------------------------------------
Start Renaming Generated Ports : Time (s): cpu = 00:00:13 ; elapsed = 00:00:13 . Memory (MB): peak = 1249.453 ; gain = 497.875 ; free physical = 9169 ; free virtual = 13387
---------------------------------------------------------------------------------
---------------------------------------------------------------------------------
Finished Renaming Generated Ports : Time (s): cpu = 00:00:13 ; elapsed = 00:00:13 . Memory (MB): peak = 1249.453 ; gain = 497.875 ; free physical = 9169 ; free virtual = 13387
---------------------------------------------------------------------------------
---------------------------------------------------------------------------------
Start Writing Synthesis Report
---------------------------------------------------------------------------------

Report BlackBoxes: 
+------+--------------+----------+
|      |BlackBox name |Instances |
+------+--------------+----------+
|1     |ila_0         |         1|
+------+--------------+----------+

Report Cell Usage: 
+------+---------+------+
|      |Cell     |Count |
+------+---------+------+
|1     |ila_0    |     1|
|2     |BUFG     |     1|
|3     |CARRY4   |    67|
|4     |LUT1     |   151|
|5     |LUT2     |    87|
|6     |LUT3     |    81|
|7     |LUT4     |   102|
|8     |LUT5     |   138|
|9     |LUT6     |   346|
|10    |MUXF7    |     2|
|11    |RAMB18E1 |     1|
|12    |FDRE     |   387|
|13    |FDSE     |    12|
|14    |IBUF     |     4|
|15    |IOBUF    |     2|
|16    |OBUF     |    28|
+------+---------+------+

Report Instance Areas: 
+------+-------------------------+-----------------------------+------+
|      |Instance                 |Module                       |Cells |
+------+-------------------------+-----------------------------+------+
|1     |top                      |                             |  1409|
|2     |  u_LED_Driver           |LED_Driver                   |    16|
|3     |  u_Mouse_Driver         |Mouse_Driver                 |   552|
|4     |    u_MouseTransceiver   |MouseTransceiver             |   510|
|5     |      u_MouseMasterSM    |MouseMasterSM                |   176|
|6     |        ResetTimerSM     |MouseCounter__parameterized1 |   113|
|7     |      u_MouseTransmitter |MouseTransmitter             |   105|
|8     |        HoldCounter      |MouseCounter__parameterized2 |    66|
|9     |      u_MouseReceiver    |MouseReceiver                |    56|
|10    |      chopper            |MouseCounter__parameterized4 |    23|
|11    |  u_Processor            |Processor                    |   394|
|12    |    ALU0                 |ALU                          |   137|
|13    |  u_RAM                  |RAM                          |    10|
|14    |  u_ROM                  |ROM                          |     8|
|15    |  u_Timer                |Timer                        |   286|
|16    |  u_seg7_Driver          |seg7_Driver                  |   104|
|17    |    CLK_10k              |MouseCounter                 |    69|
|18    |    StrobeCounter        |MouseCounter__parameterized0 |    19|
+------+-------------------------+-----------------------------+------+
---------------------------------------------------------------------------------
Finished Writing Synthesis Report : Time (s): cpu = 00:00:13 ; elapsed = 00:00:13 . Memory (MB): peak = 1249.453 ; gain = 497.875 ; free physical = 9169 ; free virtual = 13387
---------------------------------------------------------------------------------
Synthesis finished with 0 errors, 0 critical warnings and 34 warnings.
Synthesis Optimization Runtime : Time (s): cpu = 00:00:10 ; elapsed = 00:00:10 . Memory (MB): peak = 1249.453 ; gain = 56.281 ; free physical = 9169 ; free virtual = 13387
Synthesis Optimization Complete : Time (s): cpu = 00:00:13 ; elapsed = 00:00:13 . Memory (MB): peak = 1249.453 ; gain = 497.875 ; free physical = 9169 ; free virtual = 13387
INFO: [Project 1-571] Translating synthesized netlist
INFO: [Netlist 29-17] Analyzing 74 Unisim elements for replacement
INFO: [Netlist 29-28] Unisim Transformation completed in 0 CPU seconds
INFO: [Project 1-570] Preparing netlist for logic optimization
INFO: [Opt 31-138] Pushed 0 inverter(s) to 0 load pin(s).
INFO: [Project 1-111] Unisim Transformation Summary:
  A total of 2 instances were transformed.
  IOBUF => IOBUF (IBUF, OBUFT): 2 instances

INFO: [Common 17-83] Releasing license: Synthesis
108 Infos, 36 Warnings, 0 Critical Warnings and 0 Errors encountered.
synth_design completed successfully
synth_design: Time (s): cpu = 00:00:12 ; elapsed = 00:00:13 . Memory (MB): peak = 1274.469 ; gain = 414.391 ; free physical = 9168 ; free virtual = 13387
report_utilization: Time (s): cpu = 00:00:00.28 ; elapsed = 00:00:00.31 . Memory (MB): peak = 1306.484 ; gain = 0.000 ; free physical = 9169 ; free virtual = 13387
INFO: [Common 17-206] Exiting Vivado at Tue Mar  4 10:19:31 2025...
