INFO: [VRFC 10-2263] Analyzing Verilog file "/home/s2021770/Documents/PS2-Mouse-Interface-main/Mouse_Interface_2015.srcs/sources_1/ip/ila_0/sim/ila_0.v" into library xil_defaultlib
INFO: [VRFC 10-311] analyzing module ila_0
INFO: [VRFC 10-2263] Analyzing Verilog file "/home/s2021770/Documents/PS2-Mouse-Interface-main/Mouse_Interface_2015.srcs/sources_1/imports/sources_1/imports/new/counter.v" into library xil_defaultlib
INFO: [VRFC 10-311] analyzing module MouseCounter
INFO: [VRFC 10-2263] Analyzing Verilog file "/home/s2021770/Documents/PS2-Mouse-Interface-main/Mouse_Interface_2015.srcs/sources_1/imports/sources_1/new/MouseTransmitter.v" into library xil_defaultlib
INFO: [VRFC 10-311] analyzing module MouseTransmitter
INFO: [VRFC 10-2263] Analyzing Verilog file "/home/s2021770/Documents/PS2-Mouse-Interface-main/Mouse_Interface_2015.srcs/sources_1/imports/sources_1/new/MouseReceiver.v" into library xil_defaultlib
INFO: [VRFC 10-311] analyzing module MouseReceiver
INFO: [VRFC 10-2263] Analyzing Verilog file "/home/s2021770/Documents/PS2-Mouse-Interface-main/Mouse_Interface_2015.srcs/sources_1/imports/sources_1/new/MouseMasterSM.v" into library xil_defaultlib
INFO: [VRFC 10-311] analyzing module MouseMasterSM
INFO: [VRFC 10-2263] Analyzing Verilog file "/home/s2021770/Documents/PS2-Mouse-Interface-main/Mouse_Interface_2015.srcs/sources_1/imports/sources_1/new/mux_4x1.v" into library xil_defaultlib
INFO: [VRFC 10-311] analyzing module mux_4x1
INFO: [VRFC 10-2263] Analyzing Verilog file "/home/s2021770/Documents/PS2-Mouse-Interface-main/Mouse_Interface_2015.srcs/sources_1/imports/sources_1/new/MouseTransceiver.v" into library xil_defaultlib
INFO: [VRFC 10-311] analyzing module MouseTransceiver
INFO: [VRFC 10-2263] Analyzing Verilog file "/home/s2021770/Documents/PS2-Mouse-Interface-main/Mouse_Interface_2015.srcs/sources_1/imports/sources_1/imports/Downloads/seg7decoder.v" into library xil_defaultlib
INFO: [VRFC 10-311] analyzing module seg7decoder
INFO: [VRFC 10-2263] Analyzing Verilog file "/home/s2021770/Documents/PS2-Mouse-Interface-main/Mouse_Interface_2015.srcs/sources_1/imports/sources_1/new/top.v" into library xil_defaultlib
INFO: [VRFC 10-311] analyzing module top
INFO: [VRFC 10-2263] Analyzing Verilog file "/home/s2021770/Documents/PS2-Mouse-Interface-main/Mouse_Interface_2015.srcs/sim_1/imports/Mouse_Interface/Mouse_Interface.srcs/sim_1/new/trans_tb.v" into library xil_defaultlib
INFO: [VRFC 10-311] analyzing module trans_tb
WARNING: [VRFC 10-2019] loop variable declaration is not allowed in this mode of verilog [/home/s2021770/Documents/PS2-Mouse-Interface-main/Mouse_Interface_2015.srcs/sim_1/imports/Mouse_Interface/Mouse_Interface.srcs/sim_1/new/trans_tb.v:62]
INFO: [VRFC 10-2263] Analyzing Verilog file "/home/s2021770/Documents/PS2-Mouse-Interface-main/Mouse_Interface_2015.srcs/sim_1/imports/Mouse_Interface/Mouse_Interface.srcs/sim_1/new/receiver_tb.v" into library xil_defaultlib
INFO: [VRFC 10-311] analyzing module receiver_tb
WARNING: [VRFC 10-2019] loop variable declaration is not allowed in this mode of verilog [/home/s2021770/Documents/PS2-Mouse-Interface-main/Mouse_Interface_2015.srcs/sim_1/imports/Mouse_Interface/Mouse_Interface.srcs/sim_1/new/receiver_tb.v:86]
WARNING: [VRFC 10-1581] illegal format specifier   for display [/home/s2021770/Documents/PS2-Mouse-Interface-main/Mouse_Interface_2015.srcs/sim_1/imports/Mouse_Interface/Mouse_Interface.srcs/sim_1/new/receiver_tb.v:95]
INFO: [VRFC 10-2263] Analyzing Verilog file "/home/s2021770/Documents/PS2-Mouse-Interface-main/Mouse_Interface_2015.srcs/sim_1/imports/Mouse_Interface/Mouse_Interface.srcs/sim_1/new/MasterSM_tb.v" into library xil_defaultlib
INFO: [VRFC 10-311] analyzing module MasterSM_tb
INFO: [VRFC 10-2263] Analyzing Verilog file "/home/s2021770/Documents/PS2-Mouse-Interface-main/Mouse_Interface_2015.sim/sim_1/behav/glbl.v" into library xil_defaultlib
INFO: [VRFC 10-311] analyzing module glbl
